#
# A fatal error has been detected by the Java Runtime Environment:
#
#  EXCEPTION_ACCESS_VIOLATION (0xc0000005) at pc=0x00007ff8b41d10a6, pid=20192, tid=13420
#
# JRE version: Java(TM) SE Runtime Environment (7.0_80-b15) (build 1.7.0_80-b15)
# Java VM: Java HotSpot(TM) 64-Bit Server VM (24.80-b11 mixed mode windows-amd64 compressed oops)
# Problematic frame:
# C  [sgfdu05x64.dll+0x110a6]
#
# Failed to write core dump. Minidumps are not enabled by default on client versions of Windows
#
# If you would like to submit a bug report, please visit:
#   http://bugreport.java.com/bugreport/crash.jsp
# The crash happened outside the Java Virtual Machine in native code.
# See problematic frame for where to report the bug.
#

---------------  T H R E A D  ---------------

Current thread (0x000000000cc55800):  JavaThread "AWT-EventQueue-0" [_thread_in_native, id=13420, stack(0x000000000e240000,0x000000000e340000)]

siginfo: ExceptionCode=0xc0000005, writing address 0x000000000f281360

Registers:
RAX=0x0000000000000000, RBX=0x000000000f281320, RCX=0x0000000000000003, RDX=0x0000000000000000
RSP=0x000000000e33ccd0, RBP=0x000000000e3d0b80, RSI=0x0000000000000000, RDI=0x000000000f2880a0
R8 =0x0000000000f50304, R9 =0x0000000000000003, R10=0x00007ff8de8c95d0, R11=0x000000000e33cb00
R12=0x0000000000000000, R13=0x0000000000000001, R14=0x000000000e33d070, R15=0x000000000cc55800
RIP=0x00007ff8b41d10a6, EFLAGS=0x0000000000010202

Top of Stack: (sp=0x000000000e33ccd0)
0x000000000e33ccd0:   000000000f281320 0000000000fc6f40
0x000000000e33cce0:   0000000000fc2470 000000000e33cec0
0x000000000e33ccf0:   000000000f2880a0 00007ff8b41cb253
0x000000000e33cd00:   000000000f2880a0 0000000000000000
0x000000000e33cd10:   000000000cb5beb0 000000000cb5be78
0x000000000e33cd20:   000000000f2880a0 00007ff8b41c8ef0
0x000000000e33cd30:   000000000f2880a0 0000000000000000
0x000000000e33cd40:   000000000cc55800 000000000e33cd98
0x000000000e33cd50:   fffffffffffffffe 0000000058ef2386
0x000000000e33cd60:   000000000f2880a0 00007ff8b41cc644
0x000000000e33cd70:   000000000f2880a0 0000000000000001
0x000000000e33cd80:   000000000e33d070 0000000000000001
0x000000000e33cd90:   0000000000000001 00007ff8b41c831a
0x000000000e33cda0:   000000000f280da0 0000000000000000
0x000000000e33cdb0:   000000000e3410af 00007ff8dada1a25
0x000000000e33cdc0:   fffffffffffffffe 0000000058ef1aff 

Instructions: (pc=0x00007ff8b41d10a6)
0x00007ff8b41d1086:   48 8b d9 48 c7 41 08 ff ff ff ff 8b 49 40 85 c9
0x00007ff8b41d1096:   74 15 48 8b 05 c1 5f 04 00 48 85 c0 74 02 ff d0
0x00007ff8b41d10a6:   c7 43 40 00 00 00 00 48 8b 03 48 8b cb ff 90 b0
0x00007ff8b41d10b6:   00 00 00 33 c0 48 83 c4 20 5b c3 cc cc cc cc cc 


Register to memory mapping:

RAX=0x0000000000000000 is an unknown value
RBX=0x000000000f281320 is an unknown value
RCX=0x0000000000000003 is an unknown value
RDX=0x0000000000000000 is an unknown value
RSP=0x000000000e33ccd0 is pointing into the stack for thread: 0x000000000cc55800
RBP=0x000000000e3d0b80 is an unknown value
RSI=0x0000000000000000 is an unknown value
RDI=0x000000000f2880a0 is an unknown value
R8 =0x0000000000f50304 is an unknown value
R9 =0x0000000000000003 is an unknown value
R10=0x00007ff8de8c95d0 is an unknown value
R11=0x000000000e33cb00 is pointing into the stack for thread: 0x000000000cc55800
R12=0x0000000000000000 is an unknown value
R13=0x0000000000000001 is an unknown value
R14=0x000000000e33d070 is pointing into the stack for thread: 0x000000000cc55800
R15=0x000000000cc55800 is a thread


Stack: [0x000000000e240000,0x000000000e340000],  sp=0x000000000e33ccd0,  free space=1011k
Native frames: (J=compiled Java code, j=interpreted, Vv=VM code, C=native code)
C  [sgfdu05x64.dll+0x110a6]

Java frames: (J=compiled Java code, j=interpreted, Vv=VM code)
j  SecuGen.FDxSDKPro.jni.JSGFPLib.Init(J)J+0
j  com.securemetric.HU20IntegrationManagement.init()V+7
j  com.securemetric.FingerPrinterApp$1.actionPerformed(Ljava/awt/event/ActionEvent;)V+51
j  javax.swing.AbstractButton.fireActionPerformed(Ljava/awt/event/ActionEvent;)V+84
j  javax.swing.AbstractButton$Handler.actionPerformed(Ljava/awt/event/ActionEvent;)V+5
j  javax.swing.DefaultButtonModel.fireActionPerformed(Ljava/awt/event/ActionEvent;)V+35
j  javax.swing.DefaultButtonModel.setPressed(Z)V+117
j  javax.swing.plaf.basic.BasicButtonListener.mouseReleased(Ljava/awt/event/MouseEvent;)V+35
j  java.awt.Component.processMouseEvent(Ljava/awt/event/MouseEvent;)V+64
j  javax.swing.JComponent.processMouseEvent(Ljava/awt/event/MouseEvent;)V+23
j  java.awt.Component.processEvent(Ljava/awt/AWTEvent;)V+81
j  java.awt.Container.processEvent(Ljava/awt/AWTEvent;)V+18
j  java.awt.Component.dispatchEventImpl(Ljava/awt/AWTEvent;)V+581
j  java.awt.Container.dispatchEventImpl(Ljava/awt/AWTEvent;)V+42
j  java.awt.Component.dispatchEvent(Ljava/awt/AWTEvent;)V+2
j  java.awt.LightweightDispatcher.retargetMouseEvent(Ljava/awt/Component;ILjava/awt/event/MouseEvent;)V+327
j  java.awt.LightweightDispatcher.processMouseEvent(Ljava/awt/event/MouseEvent;)Z+139
j  java.awt.LightweightDispatcher.dispatchEvent(Ljava/awt/AWTEvent;)Z+50
j  java.awt.Container.dispatchEventImpl(Ljava/awt/AWTEvent;)V+12
j  java.awt.Window.dispatchEventImpl(Ljava/awt/AWTEvent;)V+19
j  java.awt.Component.dispatchEvent(Ljava/awt/AWTEvent;)V+2
j  java.awt.EventQueue.dispatchEventImpl(Ljava/awt/AWTEvent;Ljava/lang/Object;)V+41
j  java.awt.EventQueue.access$300(Ljava/awt/EventQueue;Ljava/awt/AWTEvent;Ljava/lang/Object;)V+3
j  java.awt.EventQueue$3.run()Ljava/lang/Void;+12
j  java.awt.EventQueue$3.run()Ljava/lang/Object;+1
v  ~StubRoutines::call_stub
j  java.security.AccessController.doPrivileged(Ljava/security/PrivilegedAction;Ljava/security/AccessControlContext;)Ljava/lang/Object;+0
j  java.security.ProtectionDomain$1.doIntersectionPrivilege(Ljava/security/PrivilegedAction;Ljava/security/AccessControlContext;Ljava/security/AccessControlContext;)Ljava/lang/Object;+28
j  java.security.ProtectionDomain$1.doIntersectionPrivilege(Ljava/security/PrivilegedAction;Ljava/security/AccessControlContext;)Ljava/lang/Object;+6
j  java.awt.EventQueue$4.run()Ljava/lang/Void;+11
j  java.awt.EventQueue$4.run()Ljava/lang/Object;+1
v  ~StubRoutines::call_stub
j  java.security.AccessController.doPrivileged(Ljava/security/PrivilegedAction;Ljava/security/AccessControlContext;)Ljava/lang/Object;+0
j  java.security.ProtectionDomain$1.doIntersectionPrivilege(Ljava/security/PrivilegedAction;Ljava/security/AccessControlContext;Ljava/security/AccessControlContext;)Ljava/lang/Object;+28
j  java.awt.EventQueue.dispatchEvent(Ljava/awt/AWTEvent;)V+73
j  java.awt.EventDispatchThread.pumpOneEventForFilters(I)V+245
j  java.awt.EventDispatchThread.pumpEventsForFilter(ILjava/awt/Conditional;Ljava/awt/EventFilter;)V+35
j  java.awt.EventDispatchThread.pumpEventsForHierarchy(ILjava/awt/Conditional;Ljava/awt/Component;)V+11
j  java.awt.EventDispatchThread.pumpEvents(ILjava/awt/Conditional;)V+4
j  java.awt.EventDispatchThread.pumpEvents(Ljava/awt/Conditional;)V+3
j  java.awt.EventDispatchThread.run()V+9
v  ~StubRoutines::call_stub

---------------  P R O C E S S  ---------------

Java Threads: ( => current thread )
=>0x000000000cc55800 JavaThread "AWT-EventQueue-0" [_thread_in_native, id=13420, stack(0x000000000e240000,0x000000000e340000)]
  0x000000000ca57000 JavaThread "Image Fetcher 0" daemon [_thread_blocked, id=6352, stack(0x000000000e140000,0x000000000e240000)]
  0x000000000ca80000 JavaThread "AWT-Windows" daemon [_thread_in_native, id=11484, stack(0x000000000d3f0000,0x000000000d4f0000)]
  0x000000000ca7f800 JavaThread "AWT-Shutdown" [_thread_blocked, id=1300, stack(0x000000000d2f0000,0x000000000d3f0000)]
  0x000000000ca94800 JavaThread "Java2D Disposer" daemon [_thread_blocked, id=12724, stack(0x000000000d1f0000,0x000000000d2f0000)]
  0x000000000b08b800 JavaThread "Service Thread" daemon [_thread_blocked, id=17252, stack(0x000000000c810000,0x000000000c910000)]
  0x000000000b081800 JavaThread "C2 CompilerThread1" daemon [_thread_blocked, id=17464, stack(0x000000000c710000,0x000000000c810000)]
  0x000000000b080000 JavaThread "C2 CompilerThread0" daemon [_thread_blocked, id=11812, stack(0x000000000c610000,0x000000000c710000)]
  0x000000000b07f800 JavaThread "Attach Listener" daemon [_thread_blocked, id=12168, stack(0x000000000c510000,0x000000000c610000)]
  0x000000000b07c800 JavaThread "Signal Dispatcher" daemon [_thread_blocked, id=14556, stack(0x000000000c410000,0x000000000c510000)]
  0x000000000b040000 JavaThread "Finalizer" daemon [_thread_blocked, id=10824, stack(0x000000000c2f0000,0x000000000c3f0000)]
  0x000000000b037000 JavaThread "Reference Handler" daemon [_thread_blocked, id=10720, stack(0x000000000c1f0000,0x000000000c2f0000)]
  0x0000000002d6d800 JavaThread "main" [_thread_in_native, id=7008, stack(0x0000000002b10000,0x0000000002c10000)]

Other Threads:
  0x000000000b033000 VMThread [stack: 0x000000000c0f0000,0x000000000c1f0000] [id=10216]
  0x000000000b0aa000 WatcherThread [stack: 0x000000000c910000,0x000000000ca10000] [id=17628]

VM state:not at safepoint (normal execution)

VM Mutex/Monitor currently owned by a thread: None

Heap
 PSYoungGen      total 37888K, used 5870K [0x00000007d6080000, 0x00000007d8a80000, 0x0000000800000000)
  eden space 32768K, 17% used [0x00000007d6080000,0x00000007d663bb50,0x00000007d8080000)
  from space 5120K, 0% used [0x00000007d8580000,0x00000007d8580000,0x00000007d8a80000)
  to   space 5120K, 0% used [0x00000007d8080000,0x00000007d8080000,0x00000007d8580000)
 ParOldGen       total 85504K, used 0K [0x0000000782200000, 0x0000000787580000, 0x00000007d6080000)
  object space 85504K, 0% used [0x0000000782200000,0x0000000782200000,0x0000000787580000)
 PSPermGen       total 21504K, used 8501K [0x000000077d000000, 0x000000077e500000, 0x0000000782200000)
  object space 21504K, 39% used [0x000000077d000000,0x000000077d84d5b8,0x000000077e500000)

Card table byte_map: [0x0000000005e30000,0x0000000006250000] byte_map_base: 0x0000000002248000

Polling page: 0x0000000002c10000

Code Cache  [0x0000000002d70000, 0x0000000002fe0000, 0x0000000005d70000)
 total_blobs=405 nmethods=11 adapters=347 free_code_cache=48631Kb largest_free_block=49784704

Compilation events (10 events):
Event: 0.481 Thread 0x000000000b080000    7             sun.misc.ASCIICaseInsensitiveComparator::compare (126 bytes)
Event: 0.485 Thread 0x000000000b080000 nmethod 7 0x0000000002deb990 code [0x0000000002debae0, 0x0000000002debe98]
Event: 0.485 Thread 0x000000000b081800    8             java.util.TreeMap::parentOf (13 bytes)
Event: 0.486 Thread 0x000000000b081800 nmethod 8 0x0000000002deb790 code [0x0000000002deb8c0, 0x0000000002deb918]
Event: 0.748 Thread 0x000000000b080000    9             java.util.Arrays::binarySearch0 (95 bytes)
Event: 0.749 Thread 0x000000000b081800   10             sun.java2d.loops.GraphicsPrimitiveMgr$2::compare (39 bytes)
Event: 0.749 Thread 0x000000000b080000 nmethod 9 0x0000000002df36d0 code [0x0000000002df3820, 0x0000000002df39d8]
Event: 0.750 Thread 0x000000000b081800 nmethod 10 0x0000000002df3bd0 code [0x0000000002df3d20, 0x0000000002df3df8]
Event: 2.630 Thread 0x000000000b080000   11             java.lang.String::equals (81 bytes)
Event: 2.636 Thread 0x000000000b080000 nmethod 11 0x0000000002df0fd0 code [0x0000000002df1120, 0x0000000002df1398]

GC Heap History (0 events):
No events

Deoptimization events (0 events):
No events

Internal exceptions (10 events):
Event: 0.244 Thread 0x0000000002d6d800 Threw 0x00000007d6290f30 at C:\re\jdk7u80\2329\hotspot\src\share\vm\prims\jni.cpp:717
Event: 0.284 Thread 0x0000000002d6d800 Threw 0x00000007d62e0370 at C:\re\jdk7u80\2329\hotspot\src\share\vm\prims\jvm.cpp:1319
Event: 0.284 Thread 0x0000000002d6d800 Threw 0x00000007d62e2368 at C:\re\jdk7u80\2329\hotspot\src\share\vm\prims\jvm.cpp:1319
Event: 0.433 Thread 0x0000000002d6d800 Threw 0x00000007d62ed2e0 at C:\re\jdk7u80\2329\hotspot\src\share\vm\prims\jvm.cpp:1319
Event: 0.436 Thread 0x0000000002d6d800 Threw 0x00000007d62f2c70 at C:\re\jdk7u80\2329\hotspot\src\share\vm\prims\jvm.cpp:1319
Event: 0.437 Thread 0x0000000002d6d800 Threw 0x00000007d62f53f8 at C:\re\jdk7u80\2329\hotspot\src\share\vm\prims\jvm.cpp:1319
Event: 0.491 Thread 0x0000000002d6d800 Threw 0x00000007d6488cb8 at C:\re\jdk7u80\2329\hotspot\src\share\vm\prims\jvm.cpp:1319
Event: 0.491 Thread 0x0000000002d6d800 Threw 0x00000007d6488de0 at C:\re\jdk7u80\2329\hotspot\src\share\vm\prims\jvm.cpp:1319
Event: 0.492 Thread 0x0000000002d6d800 Threw 0x00000007d648cb58 at C:\re\jdk7u80\2329\hotspot\src\share\vm\prims\jvm.cpp:1319
Event: 0.492 Thread 0x0000000002d6d800 Threw 0x00000007d648cc80 at C:\re\jdk7u80\2329\hotspot\src\share\vm\prims\jvm.cpp:1319

Events (10 events):
Event: 0.755 loading class 0x000000000ca2a5c0
Event: 0.755 loading class 0x000000000ca2a5c0 done
Event: 1.522 loading class 0x000000000ca5ce90
Event: 1.522 loading class 0x000000000ca5ce90 done
Event: 2.610 loading class 0x000000000ca674b0
Event: 2.626 loading class 0x000000000ca674b0 done
Event: 2.626 loading class 0x000000000cbf6f20
Event: 2.626 loading class 0x000000000ca3abe0
Event: 2.626 loading class 0x000000000ca3abe0 done
Event: 2.626 loading class 0x000000000cbf6f20 done


Dynamic libraries:
0x00007ff6df640000 - 0x00007ff6df673000 	C:\Program Files\Java\jdk1.7.0_80\bin\javaw.exe
0x00007ff8de7b0000 - 0x00007ff8de98b000 	C:\WINDOWS\SYSTEM32\ntdll.dll
0x00007ff8dc400000 - 0x00007ff8dc4ae000 	C:\WINDOWS\System32\KERNEL32.DLL
0x00007ff8dad80000 - 0x00007ff8dafc9000 	C:\WINDOWS\System32\KERNELBASE.dll
0x00007ff8dde10000 - 0x00007ff8ddeb1000 	C:\WINDOWS\System32\ADVAPI32.dll
0x00007ff8de3c0000 - 0x00007ff8de45d000 	C:\WINDOWS\System32\msvcrt.dll
0x00007ff8de750000 - 0x00007ff8de7a9000 	C:\WINDOWS\System32\sechost.dll
0x00007ff8de620000 - 0x00007ff8de745000 	C:\WINDOWS\System32\RPCRT4.dll
0x00007ff8dc760000 - 0x00007ff8dc8aa000 	C:\WINDOWS\System32\USER32.dll
0x00007ff8db1c0000 - 0x00007ff8db1de000 	C:\WINDOWS\System32\win32u.dll
0x00007ff8dc620000 - 0x00007ff8dc647000 	C:\WINDOWS\System32\GDI32.dll
0x00007ff8db030000 - 0x00007ff8db1b7000 	C:\WINDOWS\System32\gdi32full.dll
0x00007ff8db3a0000 - 0x00007ff8db43a000 	C:\WINDOWS\System32\msvcp_win.dll
0x00007ff8db2a0000 - 0x00007ff8db396000 	C:\WINDOWS\System32\ucrtbase.dll
0x00007ff8ccea0000 - 0x00007ff8cd107000 	C:\WINDOWS\WinSxS\amd64_microsoft.windows.common-controls_6595b64144ccf1df_6.0.15063.483_none_26002d27e7c744a2\COMCTL32.dll
0x00007ff8dbfd0000 - 0x00007ff8dc2c9000 	C:\WINDOWS\System32\combase.dll
0x00007ff8db230000 - 0x00007ff8db29a000 	C:\WINDOWS\System32\bcryptPrimitives.dll
0x00007ff8dded0000 - 0x00007ff8ddefd000 	C:\WINDOWS\System32\IMM32.DLL
0x0000000059510000 - 0x00000000595e2000 	C:\Program Files\Java\jdk1.7.0_80\jre\bin\msvcr100.dll
0x0000000058d30000 - 0x0000000059509000 	C:\Program Files\Java\jdk1.7.0_80\jre\bin\server\jvm.dll
0x00007ff8dc3f0000 - 0x00007ff8dc3f8000 	C:\WINDOWS\System32\PSAPI.DLL
0x00007ff8c9990000 - 0x00007ff8c9999000 	C:\WINDOWS\SYSTEM32\WSOCK32.dll
0x00007ff8d91e0000 - 0x00007ff8d9203000 	C:\WINDOWS\SYSTEM32\WINMM.dll
0x00007ff8de460000 - 0x00007ff8de4cc000 	C:\WINDOWS\System32\WS2_32.dll
0x00007ff8d8f80000 - 0x00007ff8d8fab000 	C:\WINDOWS\SYSTEM32\WINMMBASE.dll
0x00007ff8db1e0000 - 0x00007ff8db229000 	C:\WINDOWS\System32\cfgmgr32.dll
0x000000005af30000 - 0x000000005af3f000 	C:\Program Files\Java\jdk1.7.0_80\jre\bin\verify.dll
0x0000000058d00000 - 0x0000000058d28000 	C:\Program Files\Java\jdk1.7.0_80\jre\bin\java.dll
0x0000000058ce0000 - 0x0000000058cf6000 	C:\Program Files\Java\jdk1.7.0_80\jre\bin\zip.dll
0x0000000058b40000 - 0x0000000058cd5000 	C:\Program Files\Java\jdk1.7.0_80\jre\bin\awt.dll
0x00007ff8dbd70000 - 0x00007ff8dbe30000 	C:\WINDOWS\System32\OLEAUT32.dll
0x00007ff8d8f00000 - 0x00007ff8d8f7e000 	C:\WINDOWS\SYSTEM32\apphelp.dll
0x00007ff8d9460000 - 0x00007ff8d94f5000 	C:\WINDOWS\system32\uxtheme.dll
0x00007ff8dc4b0000 - 0x00007ff8dc616000 	C:\WINDOWS\System32\MSCTF.dll
0x00007ff8d7450000 - 0x00007ff8d747a000 	C:\WINDOWS\system32\dwmapi.dll
0x00007ff8de4d0000 - 0x00007ff8de615000 	C:\WINDOWS\System32\ole32.dll
0x00007ff8dac40000 - 0x00007ff8dac51000 	C:\WINDOWS\System32\kernel.appcore.dll
0x00007ff8dc8b0000 - 0x00007ff8ddce7000 	C:\WINDOWS\System32\SHELL32.dll
0x00007ff8ddd00000 - 0x00007ff8dddaa000 	C:\WINDOWS\System32\shcore.dll
0x00007ff8db440000 - 0x00007ff8dbb31000 	C:\WINDOWS\System32\windows.storage.dll
0x00007ff8dddb0000 - 0x00007ff8dde01000 	C:\WINDOWS\System32\shlwapi.dll
0x00007ff8dac60000 - 0x00007ff8dacac000 	C:\WINDOWS\System32\powrprof.dll
0x00007ff8dac20000 - 0x00007ff8dac35000 	C:\WINDOWS\System32\profapi.dll
0x0000000180000000 - 0x000000018000b000 	C:\Windows\System32\jnisgfplib.dll
0x000000005b950000 - 0x000000005b9f3000 	C:\WINDOWS\WinSxS\amd64_microsoft.vc90.crt_1fc8b3b9a1e18e3b_9.0.30729.9279_none_08e667efa83ba076\MSVCR90.dll
0x000000000e340000 - 0x000000000e36e000 	C:\WINDOWS\SYSTEM32\sgfplib.dll
0x00007ff8cfac0000 - 0x00007ff8cfaca000 	C:\WINDOWS\SYSTEM32\VERSION.dll
0x0000000058af0000 - 0x0000000058b37000 	C:\Program Files\Java\jdk1.7.0_80\jre\bin\fontmanager.dll
0x0000000058ad0000 - 0x0000000058aea000 	C:\Program Files\Java\jdk1.7.0_80\jre\bin\net.dll
0x00007ff8da4d0000 - 0x00007ff8da52c000 	C:\WINDOWS\system32\mswsock.dll
0x0000000058ab0000 - 0x0000000058ac1000 	C:\Program Files\Java\jdk1.7.0_80\jre\bin\nio.dll
0x0000000058a60000 - 0x0000000058aa1000 	C:\Program Files\Java\jdk1.7.0_80\jre\bin\t2k.dll
0x00007ff8d68c0000 - 0x00007ff8d6942000 	C:\WINDOWS\System32\TextInputFramework.dll
0x00007ff8d3d10000 - 0x00007ff8d3fe2000 	C:\WINDOWS\System32\CoreUIComponents.dll
0x00007ff8d7b50000 - 0x00007ff8d7c33000 	C:\WINDOWS\System32\CoreMessaging.dll
0x00007ff8d9de0000 - 0x00007ff8d9e11000 	C:\WINDOWS\SYSTEM32\ntmarta.dll
0x00007ff8d7e60000 - 0x00007ff8d7f99000 	C:\WINDOWS\SYSTEM32\wintypes.dll
0x00007ff8d6db0000 - 0x00007ff8d6dc5000 	C:\WINDOWS\SYSTEM32\usermgrcli.dll
0x00007ff8daaf0000 - 0x00007ff8dab15000 	C:\WINDOWS\SYSTEM32\bcrypt.dll
0x00007ff8d3b70000 - 0x00007ff8d3b9a000 	C:\WINDOWS\SYSTEM32\winbio.dll
0x00007ff8d60c0000 - 0x00007ff8d60cf000 	C:\WINDOWS\SYSTEM32\winbioext.dll
0x00007ff8b41c0000 - 0x00007ff8b4224000 	C:\WINDOWS\SYSTEM32\sgfdu05x64.dll
0x00007ff8d69b0000 - 0x00007ff8d6a3a000 	C:\WINDOWS\SYSTEM32\WINSPOOL.DRV
0x0000000010000000 - 0x0000000010033000 	C:\WINDOWS\SYSTEM32\sgfpaMX.dll
0x00007ff8ca710000 - 0x00007ff8ca8b9000 	C:\WINDOWS\SYSTEM32\dbghelp.dll

VM Arguments:
jvm_args: -Dfile.encoding=UTF-8 
java_command: com.securemetric.FingerPrinterApp
Launcher Type: SUN_STANDARD

Environment Variables:
JAVA_HOME=C:\Program Files\Java\jdk1.8.0_131
PATH=C:\Program Files (x86)\Common Files\Intel\Shared Files\cpp\bin\Intel64;C:\ProgramData\Oracle\Java\javapath;C:\WINDOWS\system32;C:\WINDOWS;C:\WINDOWS\System32\Wbem;C:\WINDOWS\System32\WindowsPowerShell\v1.0\;C:\Program Files\TortoiseSVN\bin;C:\Program Files\PuTTY\;C:\Program Files (x86)\Skype\Phone\;C:\Program Files\Java\jdk1.8.0_131\bin;C:\Program Files (x86)\Java\jre1.8.0_111\bin\javaw.exe;E:\Setup\apache-maven-3.5.0-bin\apache-maven-3.5.0\bin;C:\Program Files\Git\cmd;C:\Program Files\nodejs\;C:\Utimaco\CryptoServer\Administration;C:\Utimaco\CryptoServer\Lib;C:\Utimaco\CryptoServer\SDK\bin;C:\Utimaco\CryptoServer\SDK\cygwin\bin;C:\Utimaco\CryptoServer\SDK\cs2\tms\bin_6.0.8;C:\Utimaco\CryptoServer\SDK\lib\Windows-x86-64;E:\ProgramFiles\CryptoServer-SDK-V4.00.0\CryptoServer\Administration;E:\ProgramFiles\CryptoServer-SDK-V4.00.0\CryptoServer\Lib;E:\ProgramFiles\CryptoServer-SDK-V4.00.0\CryptoServer\SDK\bin;E:\ProgramFiles\CryptoServer-SDK-V4.00.0\CryptoServer\SDK\cygwin\bin;E:\ProgramFiles\CryptoServer-SDK-V4.00.0\CryptoServer\SDK\cs2\tms\bin_6.0.8;E:\ProgramFiles\CryptoServer-SDK-V4.00.0\CryptoServer\SDK\lib\Windows-x86-64;C:\Program Files\SafeNet\Authentication\SAC\x64;C:\Program Files\SafeNet\Authentication\SAC\x32;E:\ProgramFiles\apache-ant-1.10.1\bin;E:\Setup\gradle-4.2.1-bin\gradle-4.2.1\bin;C:\Program Files (x86)\Windows Live\Shared;C:\Program Files\MySQL\MySQL Utilities 1.6\;E:\ProgramFiles\bin;C:\Users\MyPC\AppData\Local\Microsoft\WindowsApps;C:\Program Files\Heroku\bin;C:\Users\MyPC\AppData\Roaming\npm;C:\Users\MyPC\AppData\Local\Yarn\bin
USERNAME=MyPC
OS=Windows_NT
PROCESSOR_IDENTIFIER=Intel64 Family 6 Model 78 Stepping 3, GenuineIntel



---------------  S Y S T E M  ---------------

OS: Windows 8.1 , 64 bit Build 9600 

CPU:total 4 (2 cores per cpu, 2 threads per core) family 6 model 78 stepping 3, cmov, cx8, fxsr, mmx, sse, sse2, sse3, ssse3, sse4.1, sse4.2, popcnt, avx, avx2, aes, erms, ht, tsc, tscinvbit

Memory: 4k page, physical 8245160k(1321480k free), swap 18241168k(1937560k free)

vm_info: Java HotSpot(TM) 64-Bit Server VM (24.80-b11) for windows-amd64 JRE (1.7.0_80-b15), built on Apr 10 2015 11:26:34 by "java_re" with unknown MS VC++:1600

time: Wed Jan 03 18:02:45 2018
elapsed time: 3 seconds

