#
# A fatal error has been detected by the Java Runtime Environment:
#
#  EXCEPTION_ACCESS_VIOLATION (0xc0000005) at pc=0x00007ffe2d8c8212, pid=10556, tid=7604
#
# JRE version: Java(TM) SE Runtime Environment (7.0_80-b15) (build 1.7.0_80-b15)
# Java VM: Java HotSpot(TM) 64-Bit Server VM (24.80-b11 mixed mode windows-amd64 compressed oops)
# Problematic frame:
# C  [sgfdu05x64.dll+0x28212]
#
# Failed to write core dump. Minidumps are not enabled by default on client versions of Windows
#
# If you would like to submit a bug report, please visit:
#   http://bugreport.java.com/bugreport/crash.jsp
# The crash happened outside the Java Virtual Machine in native code.
# See problematic frame for where to report the bug.
#

---------------  T H R E A D  ---------------

Current thread (0x000000000efd1800):  JavaThread "AWT-EventQueue-0" [_thread_in_native, id=7604, stack(0x00000000105c0000,0x00000000106c0000)]

siginfo: ExceptionCode=0xc0000005, writing address 0x0000000011806000

Registers:
RAX=0xe4f5d1f5e7e4f8dc, RBX=0x0000000000000003, RCX=0x0000000011806010, RDX=0x0000000000078440
RSP=0x00000000106bc6e8, RBP=0x0000000000000000, RSI=0x0000000011737e50, RDI=0x000000000000009c
R8 =0x000000000001d4c0, R9 =0x0000000000000e2e, R10=0xcdf5e4e2f5cef5e3, R11=0x0000000011805110
R12=0x000000000d12b1b9, R13=0x0000000000000001, R14=0x000000001187d550, R15=0x0000000000000001
RIP=0x00007ffe2d8c8212, EFLAGS=0x0000000000010206

Top of Stack: (sp=0x00000000106bc6e8)
0x00000000106bc6e8:   00007ffe2d8adf7c 000000000000000d
0x00000000106bc6f8:   000000000d12b1b9 0000000000000001
0x00000000106bc708:   000000001187d550 00000000106bc738
0x00000000106bc718:   00000000106bc734 00000000106bc788
0x00000000106bc728:   00007ffe2d8b0090 0000019000000000
0x00000000106bc738:   000000000000012c 0000000000002710
0x00000000106bc748:   00000000116483c8 0000000000000050
0x00000000106bc758:   0000000000000100 0000000011737e50
0x00000000106bc768:   0000000000000001 000000001187d550
0x00000000106bc778:   00007ffe2d8ae152 0000000000000001
0x00000000106bc788:   00007ffe2d8b1201 0000000000000032
0x00000000106bc798:   0000000700000001 00000000ffffffff
0x00000000106bc7a8:   00000000106bc701 00000000106bc7c8
0x00000000106bc7b8:   0000000000000001 ffffffff106bc800
0x00000000106bc7c8:   0000000000000000 0000000000000000
0x00000000106bc7d8:   00007ffe2d8ad282 00000000116480e0 

Instructions: (pc=0x00007ffe2d8c8212)
0x00007ffe2d8c81f2:   04 0a 4c 8b 54 0a 08 48 83 c1 20 48 89 41 e0 4c
0x00007ffe2d8c8202:   89 51 e8 48 8b 44 0a f0 4c 8b 54 0a f8 49 ff c9
0x00007ffe2d8c8212:   48 89 41 f0 4c 89 51 f8 75 d4 49 83 e0 1f e9 71
0x00007ffe2d8c8222:   ff ff ff 66 66 66 0f 1f 84 00 00 00 00 00 66 90 


Register to memory mapping:

RAX=0xe4f5d1f5e7e4f8dc is an unknown value
RBX=0x0000000000000003 is an unknown value
RCX=0x0000000011806010 is an unknown value
RDX=0x0000000000078440 is an unknown value
RSP=0x00000000106bc6e8 is pointing into the stack for thread: 0x000000000efd1800
RBP=0x0000000000000000 is an unknown value
RSI=0x0000000011737e50 is an unknown value
RDI=0x000000000000009c is an unknown value
R8 =0x000000000001d4c0 is an unknown value
R9 =0x0000000000000e2e is an unknown value
R10=0xcdf5e4e2f5cef5e3 is an unknown value
R11=0x0000000011805110 is an unknown value
R12=0x000000000d12b1b9 is an unknown value
R13=0x0000000000000001 is an unknown value
R14=0x000000001187d550 is an unknown value
R15=0x0000000000000001 is an unknown value


Stack: [0x00000000105c0000,0x00000000106c0000],  sp=0x00000000106bc6e8,  free space=1009k
Native frames: (J=compiled Java code, j=interpreted, Vv=VM code, C=native code)
C  [sgfdu05x64.dll+0x28212]

[error occurred during error reporting (printing native stack), id 0xc0000005]

Java frames: (J=compiled Java code, j=interpreted, Vv=VM code)
j  SecuGen.FDxSDKPro.jni.JSGFPLib.GetImageEx([BJJJ)J+0
j  com.securemetric.HU20IntegrationManagement.init()V+64
j  com.securemetric.FingerPrinterApp$1.actionPerformed(Ljava/awt/event/ActionEvent;)V+55
j  javax.swing.AbstractButton.fireActionPerformed(Ljava/awt/event/ActionEvent;)V+84
j  javax.swing.AbstractButton$Handler.actionPerformed(Ljava/awt/event/ActionEvent;)V+5
j  javax.swing.DefaultButtonModel.fireActionPerformed(Ljava/awt/event/ActionEvent;)V+35
j  javax.swing.DefaultButtonModel.setPressed(Z)V+117
j  javax.swing.plaf.basic.BasicButtonListener.mouseReleased(Ljava/awt/event/MouseEvent;)V+35
j  java.awt.Component.processMouseEvent(Ljava/awt/event/MouseEvent;)V+64
j  javax.swing.JComponent.processMouseEvent(Ljava/awt/event/MouseEvent;)V+23
j  java.awt.Component.processEvent(Ljava/awt/AWTEvent;)V+81
j  java.awt.Container.processEvent(Ljava/awt/AWTEvent;)V+18
j  java.awt.Component.dispatchEventImpl(Ljava/awt/AWTEvent;)V+581
j  java.awt.Container.dispatchEventImpl(Ljava/awt/AWTEvent;)V+42
j  java.awt.Component.dispatchEvent(Ljava/awt/AWTEvent;)V+2
j  java.awt.LightweightDispatcher.retargetMouseEvent(Ljava/awt/Component;ILjava/awt/event/MouseEvent;)V+327
j  java.awt.LightweightDispatcher.processMouseEvent(Ljava/awt/event/MouseEvent;)Z+139
j  java.awt.LightweightDispatcher.dispatchEvent(Ljava/awt/AWTEvent;)Z+50
j  java.awt.Container.dispatchEventImpl(Ljava/awt/AWTEvent;)V+12
j  java.awt.Window.dispatchEventImpl(Ljava/awt/AWTEvent;)V+19
j  java.awt.Component.dispatchEvent(Ljava/awt/AWTEvent;)V+2
j  java.awt.EventQueue.dispatchEventImpl(Ljava/awt/AWTEvent;Ljava/lang/Object;)V+41
j  java.awt.EventQueue.access$300(Ljava/awt/EventQueue;Ljava/awt/AWTEvent;Ljava/lang/Object;)V+3
j  java.awt.EventQueue$3.run()Ljava/lang/Void;+12
j  java.awt.EventQueue$3.run()Ljava/lang/Object;+1
v  ~StubRoutines::call_stub
j  java.security.AccessController.doPrivileged(Ljava/security/PrivilegedAction;Ljava/security/AccessControlContext;)Ljava/lang/Object;+0
j  java.security.ProtectionDomain$1.doIntersectionPrivilege(Ljava/security/PrivilegedAction;Ljava/security/AccessControlContext;Ljava/security/AccessControlContext;)Ljava/lang/Object;+28
j  java.security.ProtectionDomain$1.doIntersectionPrivilege(Ljava/security/PrivilegedAction;Ljava/security/AccessControlContext;)Ljava/lang/Object;+6
j  java.awt.EventQueue$4.run()Ljava/lang/Void;+11
j  java.awt.EventQueue$4.run()Ljava/lang/Object;+1
v  ~StubRoutines::call_stub
j  java.security.AccessController.doPrivileged(Ljava/security/PrivilegedAction;Ljava/security/AccessControlContext;)Ljava/lang/Object;+0
j  java.security.ProtectionDomain$1.doIntersectionPrivilege(Ljava/security/PrivilegedAction;Ljava/security/AccessControlContext;Ljava/security/AccessControlContext;)Ljava/lang/Object;+28
j  java.awt.EventQueue.dispatchEvent(Ljava/awt/AWTEvent;)V+73
j  java.awt.EventDispatchThread.pumpOneEventForFilters(I)V+245
j  java.awt.EventDispatchThread.pumpEventsForFilter(ILjava/awt/Conditional;Ljava/awt/EventFilter;)V+35
j  java.awt.EventDispatchThread.pumpEventsForHierarchy(ILjava/awt/Conditional;Ljava/awt/Component;)V+11
j  java.awt.EventDispatchThread.pumpEvents(ILjava/awt/Conditional;)V+4
j  java.awt.EventDispatchThread.pumpEvents(Ljava/awt/Conditional;)V+3
j  java.awt.EventDispatchThread.run()V+9
v  ~StubRoutines::call_stub

---------------  P R O C E S S  ---------------

Java Threads: ( => current thread )
=>0x000000000efd1800 JavaThread "AWT-EventQueue-0" [_thread_in_native, id=7604, stack(0x00000000105c0000,0x00000000106c0000)]
  0x000000000ee60000 JavaThread "AWT-Windows" daemon [_thread_in_native, id=1936, stack(0x000000000f870000,0x000000000f970000)]
  0x000000000ee5d000 JavaThread "AWT-Shutdown" [_thread_blocked, id=9760, stack(0x000000000f770000,0x000000000f870000)]
  0x000000000ee5c000 JavaThread "Java2D Disposer" daemon [_thread_blocked, id=7088, stack(0x000000000f670000,0x000000000f770000)]
  0x000000000d43f800 JavaThread "Service Thread" daemon [_thread_blocked, id=11248, stack(0x000000000eba0000,0x000000000eca0000)]
  0x000000000d43c800 JavaThread "C2 CompilerThread1" daemon [_thread_blocked, id=4512, stack(0x000000000eaa0000,0x000000000eba0000)]
  0x000000000d42f800 JavaThread "C2 CompilerThread0" daemon [_thread_blocked, id=13844, stack(0x000000000e9a0000,0x000000000eaa0000)]
  0x000000000d42e800 JavaThread "Attach Listener" daemon [_thread_blocked, id=9232, stack(0x000000000e8a0000,0x000000000e9a0000)]
  0x000000000d428000 JavaThread "Signal Dispatcher" daemon [_thread_blocked, id=10048, stack(0x000000000e7a0000,0x000000000e8a0000)]
  0x000000000d3ef000 JavaThread "Finalizer" daemon [_thread_blocked, id=14732, stack(0x000000000e6a0000,0x000000000e7a0000)]
  0x000000000d3e6000 JavaThread "Reference Handler" daemon [_thread_blocked, id=12468, stack(0x000000000e5a0000,0x000000000e6a0000)]
  0x000000000523e000 JavaThread "main" [_thread_in_native, id=684, stack(0x0000000004ea0000,0x0000000004fa0000)]

Other Threads:
  0x000000000d3e1800 VMThread [stack: 0x000000000e4a0000,0x000000000e5a0000] [id=10548]
  0x000000000d44e000 WatcherThread [stack: 0x000000000eca0000,0x000000000eda0000] [id=10544]

VM state:not at safepoint (normal execution)

VM Mutex/Monitor currently owned by a thread: None

Heap
 PSYoungGen      total 37888K, used 5867K [0x00000007d6080000, 0x00000007d8a80000, 0x0000000800000000)
  eden space 32768K, 17% used [0x00000007d6080000,0x00000007d663af88,0x00000007d8080000)
  from space 5120K, 0% used [0x00000007d8580000,0x00000007d8580000,0x00000007d8a80000)
  to   space 5120K, 0% used [0x00000007d8080000,0x00000007d8080000,0x00000007d8580000)
 ParOldGen       total 85504K, used 0K [0x0000000782200000, 0x0000000787580000, 0x00000007d6080000)
  object space 85504K, 0% used [0x0000000782200000,0x0000000782200000,0x0000000787580000)
 PSPermGen       total 21504K, used 8670K [0x000000077d000000, 0x000000077e500000, 0x0000000782200000)
  object space 21504K, 40% used [0x000000077d000000,0x000000077d877a10,0x000000077e500000)

Card table byte_map: [0x0000000008240000,0x0000000008660000] byte_map_base: 0x0000000004658000

Polling page: 0x0000000004fa0000

Code Cache  [0x0000000005240000, 0x00000000054b0000, 0x0000000008240000)
 total_blobs=402 nmethods=8 adapters=347 free_code_cache=48634Kb largest_free_block=49797568

Compilation events (10 events):
Event: 0.545 Thread 0x000000000d43c800    4 % !         sun.awt.image.PNGImageDecoder::produceImage @ 960 (1916 bytes)
Event: 0.567 Thread 0x000000000d43c800 nmethod 4% 0x00000000052b5fd0 code [0x00000000052b61c0, 0x00000000052b82b0]
Event: 0.594 Thread 0x000000000d42f800    5             java.lang.Object::<init> (1 bytes)
Event: 0.595 Thread 0x000000000d42f800 nmethod 5 0x00000000052b1ad0 code [0x00000000052b1c00, 0x00000000052b1c98]
Event: 0.597 Thread 0x000000000d43c800    6             sun.java2d.loops.GraphicsPrimitive::getUniqueID (5 bytes)
Event: 0.598 Thread 0x000000000d43c800 nmethod 6 0x00000000052ba710 code [0x00000000052ba840, 0x00000000052ba898]
Event: 0.766 Thread 0x000000000d42f800    7             java.util.TreeMap::parentOf (13 bytes)
Event: 0.766 Thread 0x000000000d42f800 nmethod 7 0x00000000052bc2d0 code [0x00000000052bc400, 0x00000000052bc458]
Event: 0.854 Thread 0x000000000d43c800    8             java.util.Arrays::binarySearch0 (95 bytes)
Event: 0.857 Thread 0x000000000d43c800 nmethod 8 0x00000000052c2150 code [0x00000000052c22a0, 0x00000000052c2458]

GC Heap History (0 events):
No events

Deoptimization events (0 events):
No events

Internal exceptions (10 events):
Event: 0.210 Thread 0x000000000523e000 Threw 0x00000007d60faf80 at C:\re\jdk7u80\2329\hotspot\src\share\vm\prims\jni.cpp:717
Event: 0.369 Thread 0x000000000523e000 Threw 0x00000007d6117ac8 at C:\re\jdk7u80\2329\hotspot\src\share\vm\prims\jni.cpp:717
Event: 0.561 Thread 0x000000000523e000 Threw 0x00000007d62e7ed0 at C:\re\jdk7u80\2329\hotspot\src\share\vm\prims\jvm.cpp:1319
Event: 0.772 Thread 0x000000000523e000 Threw 0x00000007d647b698 at C:\re\jdk7u80\2329\hotspot\src\share\vm\prims\jvm.cpp:1319
Event: 0.772 Thread 0x000000000523e000 Threw 0x00000007d647b7c0 at C:\re\jdk7u80\2329\hotspot\src\share\vm\prims\jvm.cpp:1319
Event: 0.773 Thread 0x000000000523e000 Threw 0x00000007d647f538 at C:\re\jdk7u80\2329\hotspot\src\share\vm\prims\jvm.cpp:1319
Event: 0.773 Thread 0x000000000523e000 Threw 0x00000007d647f660 at C:\re\jdk7u80\2329\hotspot\src\share\vm\prims\jvm.cpp:1319
Event: 0.832 Thread 0x000000000523e000 Threw 0x00000007d6497290 at C:\re\jdk7u80\2329\hotspot\src\share\vm\prims\jvm.cpp:1319
Event: 0.884 Thread 0x000000000523e000 Threw 0x00000007d6499320 at C:\re\jdk7u80\2329\hotspot\src\share\vm\prims\jvm.cpp:1319
Event: 7.190 Thread 0x000000000523e000 Threw 0x00000007d64a4260 at C:\re\jdk7u80\2329\hotspot\src\share\vm\prims\jvm.cpp:1319

Events (10 events):
Event: 13.361 loading class 0x000000000d48c5d0
Event: 13.361 loading class 0x000000000d48c5d0 done
Event: 13.361 loading class 0x000000000d48dfe0
Event: 13.361 loading class 0x000000000d48dfe0 done
Event: 13.589 loading class 0x000000000edec6d0
Event: 13.589 loading class 0x000000000edec6d0 done
Event: 13.589 loading class 0x000000000edec7d0
Event: 13.720 loading class 0x000000000f09f390
Event: 13.769 loading class 0x000000000f09f390 done
Event: 13.769 loading class 0x000000000edec7d0 done


Dynamic libraries:
0x00007ff7d3950000 - 0x00007ff7d3983000 	C:\Program Files\Java\jdk1.7.0_80\bin\javaw.exe
0x00007ffe603b0000 - 0x00007ffe60590000 	C:\WINDOWS\SYSTEM32\ntdll.dll
0x00007ffe5dbb0000 - 0x00007ffe5dc5e000 	C:\WINDOWS\System32\KERNEL32.DLL
0x00007ffe5d560000 - 0x00007ffe5d7c6000 	C:\WINDOWS\System32\KERNELBASE.dll
0x00007ffe5e340000 - 0x00007ffe5e3e1000 	C:\WINDOWS\System32\ADVAPI32.dll
0x00007ffe5e690000 - 0x00007ffe5e72d000 	C:\WINDOWS\System32\msvcrt.dll
0x00007ffe5e4c0000 - 0x00007ffe5e51b000 	C:\WINDOWS\System32\sechost.dll
0x00007ffe5d880000 - 0x00007ffe5d99f000 	C:\WINDOWS\System32\RPCRT4.dll
0x00007ffe5dc70000 - 0x00007ffe5ddff000 	C:\WINDOWS\System32\USER32.dll
0x00007ffe5ca50000 - 0x00007ffe5ca70000 	C:\WINDOWS\System32\win32u.dll
0x00007ffe5e300000 - 0x00007ffe5e328000 	C:\WINDOWS\System32\GDI32.dll
0x00007ffe5c8b0000 - 0x00007ffe5ca43000 	C:\WINDOWS\System32\gdi32full.dll
0x00007ffe5ca70000 - 0x00007ffe5cb0b000 	C:\WINDOWS\System32\msvcp_win.dll
0x00007ffe5c7b0000 - 0x00007ffe5c8a6000 	C:\WINDOWS\System32\ucrtbase.dll
0x00007ffe49fc0000 - 0x00007ffe4a229000 	C:\WINDOWS\WinSxS\amd64_microsoft.windows.common-controls_6595b64144ccf1df_6.0.16299.125_none_15cbcf8893620c09\COMCTL32.dll
0x00007ffe60060000 - 0x00007ffe60368000 	C:\WINDOWS\System32\combase.dll
0x00007ffe5cb10000 - 0x00007ffe5cb82000 	C:\WINDOWS\System32\bcryptPrimitives.dll
0x00007ffe5de00000 - 0x00007ffe5de2d000 	C:\WINDOWS\System32\IMM32.DLL
0x0000000076000000 - 0x00000000760d2000 	C:\Program Files\Java\jdk1.7.0_80\jre\bin\msvcr100.dll
0x0000000074830000 - 0x0000000075009000 	C:\Program Files\Java\jdk1.7.0_80\jre\bin\server\jvm.dll
0x00007ffe5dc60000 - 0x00007ffe5dc68000 	C:\WINDOWS\System32\PSAPI.DLL
0x00007ffe59a90000 - 0x00007ffe59ab3000 	C:\WINDOWS\SYSTEM32\WINMM.dll
0x00007ffe4bdc0000 - 0x00007ffe4bdc9000 	C:\WINDOWS\SYSTEM32\WSOCK32.dll
0x00007ffe5db40000 - 0x00007ffe5dbac000 	C:\WINDOWS\System32\WS2_32.dll
0x00007ffe59a30000 - 0x00007ffe59a5a000 	C:\WINDOWS\SYSTEM32\winmmbase.dll
0x00007ffe5cbf0000 - 0x00007ffe5cc3a000 	C:\WINDOWS\System32\cfgmgr32.dll
0x00000000773a0000 - 0x00000000773af000 	C:\Program Files\Java\jdk1.7.0_80\jre\bin\verify.dll
0x0000000077370000 - 0x0000000077398000 	C:\Program Files\Java\jdk1.7.0_80\jre\bin\java.dll
0x0000000077350000 - 0x0000000077366000 	C:\Program Files\Java\jdk1.7.0_80\jre\bin\zip.dll
0x00000000740b0000 - 0x0000000074245000 	C:\Program Files\Java\jdk1.7.0_80\jre\bin\awt.dll
0x00007ffe5eaf0000 - 0x00007ffe5ebb5000 	C:\WINDOWS\System32\OLEAUT32.dll
0x00007ffe5ae70000 - 0x00007ffe5aef8000 	C:\WINDOWS\SYSTEM32\apphelp.dll
0x00007ffe5b170000 - 0x00007ffe5b19a000 	C:\WINDOWS\system32\DWMAPI.DLL
0x00007ffe5af20000 - 0x00007ffe5afb5000 	C:\WINDOWS\system32\uxtheme.dll
0x00007ffe5e520000 - 0x00007ffe5e687000 	C:\WINDOWS\System32\MSCTF.dll
0x00007ffe5e9a0000 - 0x00007ffe5eae9000 	C:\WINDOWS\System32\ole32.dll
0x00007ffe5c700000 - 0x00007ffe5c711000 	C:\WINDOWS\System32\kernel.appcore.dll
0x00007ffe5ebc0000 - 0x00007ffe5fff6000 	C:\WINDOWS\System32\SHELL32.dll
0x00007ffe5e410000 - 0x00007ffe5e4b6000 	C:\WINDOWS\System32\shcore.dll
0x00007ffe5cc40000 - 0x00007ffe5d387000 	C:\WINDOWS\System32\windows.storage.dll
0x00007ffe5e790000 - 0x00007ffe5e7e1000 	C:\WINDOWS\System32\shlwapi.dll
0x00007ffe5c740000 - 0x00007ffe5c78c000 	C:\WINDOWS\System32\powrprof.dll
0x00007ffe5c790000 - 0x00007ffe5c7ab000 	C:\WINDOWS\System32\profapi.dll
0x0000000077300000 - 0x0000000077347000 	C:\Program Files\Java\jdk1.7.0_80\jre\bin\fontmanager.dll
0x00000000772e0000 - 0x00000000772fa000 	C:\Program Files\Java\jdk1.7.0_80\jre\bin\net.dll
0x00007ffe5bf30000 - 0x00007ffe5bf96000 	C:\WINDOWS\system32\mswsock.dll
0x00000000770e0000 - 0x00000000770f1000 	C:\Program Files\Java\jdk1.7.0_80\jre\bin\nio.dll
0x0000000076e90000 - 0x0000000076ed1000 	C:\Program Files\Java\jdk1.7.0_80\jre\bin\t2k.dll
0x00007ffe592c0000 - 0x00007ffe59358000 	C:\WINDOWS\System32\TextInputFramework.dll
0x00007ffe58fd0000 - 0x00007ffe592be000 	C:\WINDOWS\System32\CoreUIComponents.dll
0x00007ffe5a860000 - 0x00007ffe5a93d000 	C:\WINDOWS\System32\CoreMessaging.dll
0x00007ffe58e90000 - 0x00007ffe58fc6000 	C:\WINDOWS\SYSTEM32\wintypes.dll
0x00007ffe5b840000 - 0x00007ffe5b871000 	C:\WINDOWS\SYSTEM32\ntmarta.dll
0x0000000180000000 - 0x000000018000b000 	C:\Windows\System32\jnisgfplib.dll
0x0000000077010000 - 0x00000000770b3000 	C:\WINDOWS\WinSxS\amd64_microsoft.vc90.crt_1fc8b3b9a1e18e3b_9.0.30729.9317_none_08e0939fa840d57b\MSVCR90.dll
0x0000000011410000 - 0x000000001143e000 	C:\WINDOWS\SYSTEM32\sgfplib.dll
0x00007ffe4cc30000 - 0x00007ffe4cc3a000 	C:\WINDOWS\SYSTEM32\VERSION.dll
0x00007ffe5c200000 - 0x00007ffe5c225000 	C:\WINDOWS\SYSTEM32\bcrypt.dll
0x00007ffe597c0000 - 0x00007ffe597ea000 	C:\WINDOWS\SYSTEM32\winbio.dll
0x00007ffe586d0000 - 0x00007ffe586df000 	C:\WINDOWS\SYSTEM32\winbioext.dll
0x00007ffe2d8a0000 - 0x00007ffe2d904000 	C:\WINDOWS\SYSTEM32\sgfdu05x64.dll
0x00007ffe46e00000 - 0x00007ffe46e86000 	C:\WINDOWS\SYSTEM32\WINSPOOL.DRV
0x00007ffe5bcc0000 - 0x00007ffe5bcf9000 	C:\WINDOWS\SYSTEM32\IPHLPAPI.DLL
0x0000000010540000 - 0x0000000010573000 	C:\WINDOWS\SYSTEM32\sgfpaMX.dll
0x00007ffe4ef10000 - 0x00007ffe4f0d8000 	C:\WINDOWS\SYSTEM32\dbghelp.dll

VM Arguments:
jvm_args: -Dfile.encoding=UTF-8 
java_command: com.securemetric.FingerPrinterApp 1 thanhnd
Launcher Type: SUN_STANDARD

Environment Variables:
JAVA_HOME=C:\Program Files\Java\jdk1.8.0_131
PATH=C:\Program Files (x86)\Common Files\Intel\Shared Files\cpp\bin\Intel64;C:\ProgramData\Oracle\Java\javapath;C:\WINDOWS\system32;C:\WINDOWS;C:\WINDOWS\System32\Wbem;C:\WINDOWS\System32\WindowsPowerShell\v1.0\;C:\Program Files\TortoiseSVN\bin;C:\Program Files\PuTTY\;C:\Program Files (x86)\Skype\Phone\;C:\Program Files\Java\jdk1.8.0_131\bin;C:\Program Files (x86)\Java\jre1.8.0_111\bin\javaw.exe;E:\Setup\apache-maven-3.5.0-bin\apache-maven-3.5.0\bin;C:\Program Files\Git\cmd;C:\Program Files\nodejs\;C:\Utimaco\CryptoServer\Administration;C:\Utimaco\CryptoServer\Lib;C:\Utimaco\CryptoServer\SDK\bin;C:\Utimaco\CryptoServer\SDK\cygwin\bin;C:\Utimaco\CryptoServer\SDK\cs2\tms\bin_6.0.8;C:\Utimaco\CryptoServer\SDK\lib\Windows-x86-64;E:\ProgramFiles\CryptoServer-SDK-V4.00.0\CryptoServer\Administration;E:\ProgramFiles\CryptoServer-SDK-V4.00.0\CryptoServer\Lib;E:\ProgramFiles\CryptoServer-SDK-V4.00.0\CryptoServer\SDK\bin;E:\ProgramFiles\CryptoServer-SDK-V4.00.0\CryptoServer\SDK\cygwin\bin;E:\ProgramFiles\CryptoServer-SDK-V4.00.0\CryptoServer\SDK\cs2\tms\bin_6.0.8;E:\ProgramFiles\CryptoServer-SDK-V4.00.0\CryptoServer\SDK\lib\Windows-x86-64;C:\Program Files\SafeNet\Authentication\SAC\x64;C:\Program Files\SafeNet\Authentication\SAC\x32;E:\ProgramFiles\apache-ant-1.10.1\bin;E:\Setup\gradle-4.2.1-bin\gradle-4.2.1\bin;C:\Program Files (x86)\Windows Live\Shared;C:\Program Files\MySQL\MySQL Utilities 1.6\;E:\ProgramFiles\bin;C:\Users\MyPC\AppData\Local\Microsoft\WindowsApps;C:\Program Files\Heroku\bin;C:\Users\MyPC\AppData\Roaming\npm;C:\Users\MyPC\AppData\Local\Yarn\bin;
USERNAME=MyPC
OS=Windows_NT
PROCESSOR_IDENTIFIER=Intel64 Family 6 Model 78 Stepping 3, GenuineIntel



---------------  S Y S T E M  ---------------

OS: Windows 8.1 , 64 bit Build 9600 

CPU:total 4 (2 cores per cpu, 2 threads per core) family 6 model 78 stepping 3, cmov, cx8, fxsr, mmx, sse, sse2, sse3, ssse3, sse4.1, sse4.2, popcnt, avx, avx2, aes, erms, ht, tsc, tscinvbit

Memory: 4k page, physical 8245160k(489064k free), swap 16633768k(6109964k free)

vm_info: Java HotSpot(TM) 64-Bit Server VM (24.80-b11) for windows-amd64 JRE (1.7.0_80-b15), built on Apr 10 2015 11:26:34 by "java_re" with unknown MS VC++:1600

time: Wed Jan 17 11:09:14 2018
elapsed time: 16 seconds

