#
# A fatal error has been detected by the Java Runtime Environment:
#
#  EXCEPTION_ACCESS_VIOLATION (0xc0000005) at pc=0x0000000074951d20, pid=1544, tid=7016
#
# JRE version: Java(TM) SE Runtime Environment (7.0_80-b15) (build 1.7.0_80-b15)
# Java VM: Java HotSpot(TM) 64-Bit Server VM (24.80-b11 mixed mode windows-amd64 compressed oops)
# Problematic frame:
# V  [jvm.dll+0x121d20]
#
# Failed to write core dump. Minidumps are not enabled by default on client versions of Windows
#
# If you would like to submit a bug report, please visit:
#   http://bugreport.java.com/bugreport/crash.jsp
#

---------------  T H R E A D  ---------------

Current thread (0x000000000eddf800):  JavaThread "AWT-EventQueue-0" [_thread_in_vm, id=7016, stack(0x00000000104e0000,0x00000000105e0000)]

siginfo: ExceptionCode=0xc0000005, reading address 0x0000000000000000

Registers:
RAX=0x0000000000000000, RBX=0x000000000eddf800, RCX=0x0000000000000f80, RDX=0x0000000000000000
RSP=0x00000000105dcce0, RBP=0x00000000105dce48, RSI=0x00000000efa97fa7, RDI=0x0000000000000000
R8 =0x0000000000000000, R9 =0x0000000000002710, R10=0x0000000004a49a7d, R11=0x0000000074a14b50
R12=0x0000000000000000, R13=0x000000077d82e018, R14=0x00000000105dcea0, R15=0x000000000eddf800
RIP=0x0000000074951d20, EFLAGS=0x0000000000010202

Top of Stack: (sp=0x00000000105dcce0)
0x00000000105dcce0:   0000000000000000 0000000000000000
0x00000000105dccf0:   000000000ed7d458 000000000eddf800
0x00000000105dcd00:   0000000004a36373 0000000180001236
0x00000000105dcd10:   000000077d82e018 000000000eddf800
0x00000000105dcd20:   00000000efa97fa7 00000000105dce48
0x00000000105dcd30:   000000000ee0d550 0000000180003bf0
0x00000000105dcd40:   000000000eddf9e8 0000000000000000
0x00000000105dcd50:   000000000ed7b068 00000000000003d8
0x00000000105dcd60:   0000000004a36373 0000000004a497f4
0x00000000105dcd70:   00000000105dce00 0000000000000002
0x00000000105dcd80:   000000077d82e018 0000000700000000
0x00000000105dcd90:   00000000105dcee8 0000000004a49aa9
0x00000000105dcda0:   000000000eddf9e8 00000000105dcea0
0x00000000105dcdb0:   0000000000000000 0000000000002710
0x00000000105dcdc0:   0000000000000064 0000000000000050
0x00000000105dcdd0:   0000000000000000 000000077d7ed54c 

Instructions: (pc=0x0000000074951d20)
0x0000000074951d00:   a9 00 00 00 30 74 08 48 8b cb e8 01 70 0d 00 c7
0x0000000074951d10:   83 60 02 00 00 06 00 00 00 80 3d f0 84 63 00 00
0x0000000074951d20:   48 8b 0f b8 10 00 00 00 ba 0c 00 00 00 0f 45 c2
0x0000000074951d30:   48 98 8b 3c 08 c7 83 60 02 00 00 07 00 00 00 83 


Register to memory mapping:

RAX=0x0000000000000000 is an unknown value
RBX=0x000000000eddf800 is a thread
RCX=0x0000000000000f80 is an unknown value
RDX=0x0000000000000000 is an unknown value
RSP=0x00000000105dcce0 is pointing into the stack for thread: 0x000000000eddf800
RBP=0x00000000105dce48 is pointing into the stack for thread: 0x000000000eddf800
RSI=0x00000000efa97fa7 is an unknown value
RDI=0x0000000000000000 is an unknown value
R8 =0x0000000000000000 is an unknown value
R9 =0x0000000000002710 is an unknown value
R10=0x0000000004a49a7d is at code_begin+1277 in an Interpreter codelet
method entry point (kind = native)  [0x0000000004a49580, 0x0000000004a4a440]  3776 bytes
R11=0x0000000074a14b50 is an unknown value
R12=0x0000000000000000 is an unknown value
R13=0x000000077d82e018 is an oop
{method} 
 - klass: {other class}
R14=0x00000000105dcea0 is pointing into the stack for thread: 0x000000000eddf800
R15=0x000000000eddf800 is a thread


Stack: [0x00000000104e0000,0x00000000105e0000],  sp=0x00000000105dcce0,  free space=1011k
Native frames: (J=compiled Java code, j=interpreted, Vv=VM code, C=native code)
V  [jvm.dll+0x121d20]
j  com.securemetric.HU20IntegrationManagement.init()V+44
j  com.securemetric.FingerPrinterApp$1.actionPerformed(Ljava/awt/event/ActionEvent;)V+55
j  javax.swing.AbstractButton.fireActionPerformed(Ljava/awt/event/ActionEvent;)V+84
j  javax.swing.AbstractButton$Handler.actionPerformed(Ljava/awt/event/ActionEvent;)V+5
j  javax.swing.DefaultButtonModel.fireActionPerformed(Ljava/awt/event/ActionEvent;)V+35
j  javax.swing.DefaultButtonModel.setPressed(Z)V+117
j  javax.swing.plaf.basic.BasicButtonListener.mouseReleased(Ljava/awt/event/MouseEvent;)V+35
j  java.awt.Component.processMouseEvent(Ljava/awt/event/MouseEvent;)V+64
j  javax.swing.JComponent.processMouseEvent(Ljava/awt/event/MouseEvent;)V+23
j  java.awt.Component.processEvent(Ljava/awt/AWTEvent;)V+81
j  java.awt.Container.processEvent(Ljava/awt/AWTEvent;)V+18
j  java.awt.Component.dispatchEventImpl(Ljava/awt/AWTEvent;)V+581
j  java.awt.Container.dispatchEventImpl(Ljava/awt/AWTEvent;)V+42
j  java.awt.Component.dispatchEvent(Ljava/awt/AWTEvent;)V+2
j  java.awt.LightweightDispatcher.retargetMouseEvent(Ljava/awt/Component;ILjava/awt/event/MouseEvent;)V+327
j  java.awt.LightweightDispatcher.processMouseEvent(Ljava/awt/event/MouseEvent;)Z+139
j  java.awt.LightweightDispatcher.dispatchEvent(Ljava/awt/AWTEvent;)Z+50
j  java.awt.Container.dispatchEventImpl(Ljava/awt/AWTEvent;)V+12
j  java.awt.Window.dispatchEventImpl(Ljava/awt/AWTEvent;)V+19
j  java.awt.Component.dispatchEvent(Ljava/awt/AWTEvent;)V+2
j  java.awt.EventQueue.dispatchEventImpl(Ljava/awt/AWTEvent;Ljava/lang/Object;)V+41
j  java.awt.EventQueue.access$300(Ljava/awt/EventQueue;Ljava/awt/AWTEvent;Ljava/lang/Object;)V+3
j  java.awt.EventQueue$3.run()Ljava/lang/Void;+12
j  java.awt.EventQueue$3.run()Ljava/lang/Object;+1
v  ~StubRoutines::call_stub

Java frames: (J=compiled Java code, j=interpreted, Vv=VM code)
j  SecuGen.FDxSDKPro.jni.JSGFPLib.GetImageEx([BJJJ)J+0
j  com.securemetric.HU20IntegrationManagement.init()V+44
j  com.securemetric.FingerPrinterApp$1.actionPerformed(Ljava/awt/event/ActionEvent;)V+55
j  javax.swing.AbstractButton.fireActionPerformed(Ljava/awt/event/ActionEvent;)V+84
j  javax.swing.AbstractButton$Handler.actionPerformed(Ljava/awt/event/ActionEvent;)V+5
j  javax.swing.DefaultButtonModel.fireActionPerformed(Ljava/awt/event/ActionEvent;)V+35
j  javax.swing.DefaultButtonModel.setPressed(Z)V+117
j  javax.swing.plaf.basic.BasicButtonListener.mouseReleased(Ljava/awt/event/MouseEvent;)V+35
j  java.awt.Component.processMouseEvent(Ljava/awt/event/MouseEvent;)V+64
j  javax.swing.JComponent.processMouseEvent(Ljava/awt/event/MouseEvent;)V+23
j  java.awt.Component.processEvent(Ljava/awt/AWTEvent;)V+81
j  java.awt.Container.processEvent(Ljava/awt/AWTEvent;)V+18
j  java.awt.Component.dispatchEventImpl(Ljava/awt/AWTEvent;)V+581
j  java.awt.Container.dispatchEventImpl(Ljava/awt/AWTEvent;)V+42
j  java.awt.Component.dispatchEvent(Ljava/awt/AWTEvent;)V+2
j  java.awt.LightweightDispatcher.retargetMouseEvent(Ljava/awt/Component;ILjava/awt/event/MouseEvent;)V+327
j  java.awt.LightweightDispatcher.processMouseEvent(Ljava/awt/event/MouseEvent;)Z+139
j  java.awt.LightweightDispatcher.dispatchEvent(Ljava/awt/AWTEvent;)Z+50
j  java.awt.Container.dispatchEventImpl(Ljava/awt/AWTEvent;)V+12
j  java.awt.Window.dispatchEventImpl(Ljava/awt/AWTEvent;)V+19
j  java.awt.Component.dispatchEvent(Ljava/awt/AWTEvent;)V+2
j  java.awt.EventQueue.dispatchEventImpl(Ljava/awt/AWTEvent;Ljava/lang/Object;)V+41
j  java.awt.EventQueue.access$300(Ljava/awt/EventQueue;Ljava/awt/AWTEvent;Ljava/lang/Object;)V+3
j  java.awt.EventQueue$3.run()Ljava/lang/Void;+12
j  java.awt.EventQueue$3.run()Ljava/lang/Object;+1
v  ~StubRoutines::call_stub
j  java.security.AccessController.doPrivileged(Ljava/security/PrivilegedAction;Ljava/security/AccessControlContext;)Ljava/lang/Object;+0
j  java.security.ProtectionDomain$1.doIntersectionPrivilege(Ljava/security/PrivilegedAction;Ljava/security/AccessControlContext;Ljava/security/AccessControlContext;)Ljava/lang/Object;+28
j  java.security.ProtectionDomain$1.doIntersectionPrivilege(Ljava/security/PrivilegedAction;Ljava/security/AccessControlContext;)Ljava/lang/Object;+6
j  java.awt.EventQueue$4.run()Ljava/lang/Void;+11
j  java.awt.EventQueue$4.run()Ljava/lang/Object;+1
v  ~StubRoutines::call_stub
j  java.security.AccessController.doPrivileged(Ljava/security/PrivilegedAction;Ljava/security/AccessControlContext;)Ljava/lang/Object;+0
j  java.security.ProtectionDomain$1.doIntersectionPrivilege(Ljava/security/PrivilegedAction;Ljava/security/AccessControlContext;Ljava/security/AccessControlContext;)Ljava/lang/Object;+28
j  java.awt.EventQueue.dispatchEvent(Ljava/awt/AWTEvent;)V+73
j  java.awt.EventDispatchThread.pumpOneEventForFilters(I)V+245
j  java.awt.EventDispatchThread.pumpEventsForFilter(ILjava/awt/Conditional;Ljava/awt/EventFilter;)V+35
j  java.awt.EventDispatchThread.pumpEventsForHierarchy(ILjava/awt/Conditional;Ljava/awt/Component;)V+11
j  java.awt.EventDispatchThread.pumpEvents(ILjava/awt/Conditional;)V+4
j  java.awt.EventDispatchThread.pumpEvents(Ljava/awt/Conditional;)V+3
j  java.awt.EventDispatchThread.run()V+9
v  ~StubRoutines::call_stub

---------------  P R O C E S S  ---------------

Java Threads: ( => current thread )
  0x0000000004932800 JavaThread "DestroyJavaVM" [_thread_blocked, id=9044, stack(0x00000000047b0000,0x00000000048b0000)]
=>0x000000000eddf800 JavaThread "AWT-EventQueue-0" [_thread_in_vm, id=7016, stack(0x00000000104e0000,0x00000000105e0000)]
  0x000000000ed7a800 JavaThread "AWT-Windows" daemon [_thread_in_native, id=10292, stack(0x000000000f6f0000,0x000000000f7f0000)]
  0x000000000ed79800 JavaThread "AWT-Shutdown" [_thread_blocked, id=11556, stack(0x000000000f5f0000,0x000000000f6f0000)]
  0x000000000ed76800 JavaThread "Java2D Disposer" daemon [_thread_blocked, id=8876, stack(0x000000000f460000,0x000000000f560000)]
  0x000000000cd18000 JavaThread "Service Thread" daemon [_thread_blocked, id=9092, stack(0x000000000ea90000,0x000000000eb90000)]
  0x000000000cd0f800 JavaThread "C2 CompilerThread1" daemon [_thread_blocked, id=10648, stack(0x000000000e990000,0x000000000ea90000)]
  0x000000000cd0b000 JavaThread "C2 CompilerThread0" daemon [_thread_blocked, id=11064, stack(0x000000000e890000,0x000000000e990000)]
  0x000000000ccf9000 JavaThread "JDWP Command Reader" daemon [_thread_in_native, id=8272, stack(0x000000000e790000,0x000000000e890000)]
  0x000000000ccf5000 JavaThread "JDWP Event Helper Thread" daemon [_thread_blocked, id=10856, stack(0x000000000e690000,0x000000000e790000)]
  0x000000000cce8000 JavaThread "JDWP Transport Listener: dt_socket" daemon [_thread_blocked, id=9940, stack(0x000000000e590000,0x000000000e690000)]
  0x000000000ccd6800 JavaThread "Attach Listener" daemon [_thread_blocked, id=12684, stack(0x000000000e150000,0x000000000e250000)]
  0x000000000ccd3800 JavaThread "Signal Dispatcher" daemon [_thread_blocked, id=9800, stack(0x000000000e050000,0x000000000e150000)]
  0x000000000cc9f800 JavaThread "Finalizer" daemon [_thread_blocked, id=4512, stack(0x000000000df50000,0x000000000e050000)]
  0x000000000cc96800 JavaThread "Reference Handler" daemon [_thread_blocked, id=6496, stack(0x000000000de50000,0x000000000df50000)]

Other Threads:
  0x000000000cc92800 VMThread [stack: 0x000000000dd50000,0x000000000de50000] [id=11860]
  0x000000000cd24000 WatcherThread [stack: 0x000000000eb90000,0x000000000ec90000] [id=9168]

VM state:not at safepoint (normal execution)

VM Mutex/Monitor currently owned by a thread: None

Heap
 PSYoungGen      total 37888K, used 7179K [0x00000007d6080000, 0x00000007d8a80000, 0x0000000800000000)
  eden space 32768K, 21% used [0x00000007d6080000,0x00000007d6782d20,0x00000007d8080000)
  from space 5120K, 0% used [0x00000007d8580000,0x00000007d8580000,0x00000007d8a80000)
  to   space 5120K, 0% used [0x00000007d8080000,0x00000007d8080000,0x00000007d8580000)
 ParOldGen       total 85504K, used 0K [0x0000000782200000, 0x0000000787580000, 0x00000007d6080000)
  object space 85504K, 0% used [0x0000000782200000,0x0000000782200000,0x0000000787580000)
 PSPermGen       total 21504K, used 8743K [0x000000077d000000, 0x000000077e500000, 0x0000000782200000)
  object space 21504K, 40% used [0x000000077d000000,0x000000077d889cd0,0x000000077e500000)

Card table byte_map: [0x0000000007af0000,0x0000000007f10000] byte_map_base: 0x0000000003f08000

Polling page: 0x0000000002b30000

Code Cache  [0x0000000004a30000, 0x0000000004ca0000, 0x0000000007a30000)
 total_blobs=395 nmethods=9 adapters=347 free_code_cache=48620Kb largest_free_block=49772544

Compilation events (10 events):
Event: 4.407 Thread 0x000000000cd0b000 nmethod 5 0x0000000004aaf710 code [0x0000000004aaf840, 0x0000000004aaf8d8]
Event: 4.407 Thread 0x000000000cd0f800 nmethod 4% 0x0000000004aaf950 code [0x0000000004aafb60, 0x0000000004ab4ff0]
Event: 4.409 Thread 0x000000000cd0b000    6             sun.java2d.loops.GraphicsPrimitive::getUniqueID (5 bytes)
Event: 4.409 Thread 0x000000000cd0b000 nmethod 6 0x0000000004aabd10 code [0x0000000004aabe40, 0x0000000004aabe98]
Event: 4.434 Thread 0x000000000cd0f800    7             java.util.TreeMap::parentOf (13 bytes)
Event: 4.435 Thread 0x000000000cd0f800 nmethod 7 0x0000000004aad010 code [0x0000000004aad140, 0x0000000004aad198]
Event: 4.499 Thread 0x000000000cd0b000    8             java.util.Arrays::binarySearch0 (95 bytes)
Event: 4.502 Thread 0x000000000cd0f800    9             sun.java2d.loops.GraphicsPrimitiveMgr$2::compare (39 bytes)
Event: 4.503 Thread 0x000000000cd0f800 nmethod 9 0x0000000004aa5550 code [0x0000000004aa56a0, 0x0000000004aa57d8]
Event: 4.506 Thread 0x000000000cd0b000 nmethod 8 0x0000000004aa4c50 code [0x0000000004aa4da0, 0x0000000004aa51d8]

GC Heap History (0 events):
No events

Deoptimization events (0 events):
No events

Internal exceptions (10 events):
Event: 4.277 Thread 0x0000000004932800 Threw 0x00000007d60fc4f0 at C:\re\jdk7u80\2329\hotspot\src\share\vm\prims\jni.cpp:717
Event: 4.305 Thread 0x0000000004932800 Threw 0x00000007d6119038 at C:\re\jdk7u80\2329\hotspot\src\share\vm\prims\jni.cpp:717
Event: 4.388 Thread 0x0000000004932800 Threw 0x00000007d638d250 at C:\re\jdk7u80\2329\hotspot\src\share\vm\prims\jvm.cpp:1319
Event: 4.440 Thread 0x0000000004932800 Threw 0x00000007d6520af8 at C:\re\jdk7u80\2329\hotspot\src\share\vm\prims\jvm.cpp:1319
Event: 4.440 Thread 0x0000000004932800 Threw 0x00000007d6520c20 at C:\re\jdk7u80\2329\hotspot\src\share\vm\prims\jvm.cpp:1319
Event: 4.441 Thread 0x0000000004932800 Threw 0x00000007d6524998 at C:\re\jdk7u80\2329\hotspot\src\share\vm\prims\jvm.cpp:1319
Event: 4.441 Thread 0x0000000004932800 Threw 0x00000007d6524ac0 at C:\re\jdk7u80\2329\hotspot\src\share\vm\prims\jvm.cpp:1319
Event: 4.479 Thread 0x0000000004932800 Threw 0x00000007d653c6f0 at C:\re\jdk7u80\2329\hotspot\src\share\vm\prims\jvm.cpp:1319
Event: 4.480 Thread 0x0000000004932800 Threw 0x00000007d653e618 at C:\re\jdk7u80\2329\hotspot\src\share\vm\prims\jvm.cpp:1319
Event: 4.491 Thread 0x0000000004932800 Threw 0x00000007d6549478 at C:\re\jdk7u80\2329\hotspot\src\share\vm\prims\jvm.cpp:1319

Events (10 events):
Event: 18.067 loading class 0x000000000ed507c0
Event: 18.067 loading class 0x000000000ed507c0 done
Event: 18.067 loading class 0x000000000ed4d9c0
Event: 18.067 loading class 0x000000000ed4d9c0 done
Event: 18.067 loading class 0x000000000cd34360
Event: 18.067 loading class 0x000000000cd34360 done
Event: 18.067 loading class 0x0000000004978e00
Event: 18.067 loading class 0x0000000004978e00 done
Event: 18.067 loading class 0x000000000499c6c0
Event: 18.067 loading class 0x000000000499c6c0 done


Dynamic libraries:
0x00007ff7d3950000 - 0x00007ff7d3983000 	C:\Program Files\Java\jdk1.7.0_80\bin\javaw.exe
0x00007ffe603b0000 - 0x00007ffe60590000 	C:\WINDOWS\SYSTEM32\ntdll.dll
0x00007ffe5dbb0000 - 0x00007ffe5dc5e000 	C:\WINDOWS\System32\KERNEL32.DLL
0x00007ffe5d560000 - 0x00007ffe5d7c6000 	C:\WINDOWS\System32\KERNELBASE.dll
0x00007ffe5e340000 - 0x00007ffe5e3e1000 	C:\WINDOWS\System32\ADVAPI32.dll
0x00007ffe5e690000 - 0x00007ffe5e72d000 	C:\WINDOWS\System32\msvcrt.dll
0x00007ffe5e4c0000 - 0x00007ffe5e51b000 	C:\WINDOWS\System32\sechost.dll
0x00007ffe5d880000 - 0x00007ffe5d99f000 	C:\WINDOWS\System32\RPCRT4.dll
0x00007ffe5dc70000 - 0x00007ffe5ddff000 	C:\WINDOWS\System32\USER32.dll
0x00007ffe5ca50000 - 0x00007ffe5ca70000 	C:\WINDOWS\System32\win32u.dll
0x00007ffe5e300000 - 0x00007ffe5e328000 	C:\WINDOWS\System32\GDI32.dll
0x00007ffe5c8b0000 - 0x00007ffe5ca43000 	C:\WINDOWS\System32\gdi32full.dll
0x00007ffe5ca70000 - 0x00007ffe5cb0b000 	C:\WINDOWS\System32\msvcp_win.dll
0x00007ffe5c7b0000 - 0x00007ffe5c8a6000 	C:\WINDOWS\System32\ucrtbase.dll
0x00007ffe49fc0000 - 0x00007ffe4a229000 	C:\WINDOWS\WinSxS\amd64_microsoft.windows.common-controls_6595b64144ccf1df_6.0.16299.125_none_15cbcf8893620c09\COMCTL32.dll
0x00007ffe60060000 - 0x00007ffe60368000 	C:\WINDOWS\System32\combase.dll
0x00007ffe5cb10000 - 0x00007ffe5cb82000 	C:\WINDOWS\System32\bcryptPrimitives.dll
0x00007ffe5de00000 - 0x00007ffe5de2d000 	C:\WINDOWS\System32\IMM32.DLL
0x0000000076000000 - 0x00000000760d2000 	C:\Program Files\Java\jdk1.7.0_80\jre\bin\msvcr100.dll
0x0000000074830000 - 0x0000000075009000 	C:\Program Files\Java\jdk1.7.0_80\jre\bin\server\jvm.dll
0x00007ffe5dc60000 - 0x00007ffe5dc68000 	C:\WINDOWS\System32\PSAPI.DLL
0x00007ffe59a90000 - 0x00007ffe59ab3000 	C:\WINDOWS\SYSTEM32\WINMM.dll
0x00007ffe4bdc0000 - 0x00007ffe4bdc9000 	C:\WINDOWS\SYSTEM32\WSOCK32.dll
0x00007ffe5db40000 - 0x00007ffe5dbac000 	C:\WINDOWS\System32\WS2_32.dll
0x00007ffe59a30000 - 0x00007ffe59a5a000 	C:\WINDOWS\SYSTEM32\WINMMBASE.dll
0x00007ffe5cbf0000 - 0x00007ffe5cc3a000 	C:\WINDOWS\System32\cfgmgr32.dll
0x00000000773a0000 - 0x00000000773af000 	C:\Program Files\Java\jdk1.7.0_80\jre\bin\verify.dll
0x0000000077370000 - 0x0000000077398000 	C:\Program Files\Java\jdk1.7.0_80\jre\bin\java.dll
0x0000000077330000 - 0x0000000077365000 	C:\Program Files\Java\jdk1.7.0_80\jre\bin\jdwp.dll
0x0000000077320000 - 0x0000000077328000 	C:\Program Files\Java\jdk1.7.0_80\jre\bin\npt.dll
0x0000000077300000 - 0x0000000077316000 	C:\Program Files\Java\jdk1.7.0_80\jre\bin\zip.dll
0x00000000772f0000 - 0x00000000772f9000 	C:\Program Files\Java\jdk1.7.0_80\jre\bin\dt_socket.dll
0x00007ffe544e0000 - 0x00007ffe544f6000 	C:\WINDOWS\system32\napinsp.dll
0x00007ffe534b0000 - 0x00007ffe534ca000 	C:\WINDOWS\system32\pnrpnsp.dll
0x00007ffe51c80000 - 0x00007ffe51c98000 	C:\WINDOWS\system32\NLAapi.dll
0x00007ffe5bf30000 - 0x00007ffe5bf96000 	C:\WINDOWS\System32\mswsock.dll
0x00007ffe5bd10000 - 0x00007ffe5bdc6000 	C:\WINDOWS\SYSTEM32\DNSAPI.dll
0x00007ffe60370000 - 0x00007ffe60378000 	C:\WINDOWS\System32\NSI.dll
0x00007ffe5bcc0000 - 0x00007ffe5bcf9000 	C:\WINDOWS\SYSTEM32\IPHLPAPI.DLL
0x00007ffe534a0000 - 0x00007ffe534ae000 	C:\WINDOWS\System32\winrnr.dll
0x00007ffe53400000 - 0x00007ffe53415000 	C:\WINDOWS\System32\wshbth.dll
0x00007ffe56ea0000 - 0x00007ffe56f10000 	C:\WINDOWS\System32\fwpuclnt.dll
0x00007ffe5c200000 - 0x00007ffe5c225000 	C:\WINDOWS\SYSTEM32\bcrypt.dll
0x00007ffe513d0000 - 0x00007ffe513da000 	C:\Windows\System32\rasadhlp.dll
0x00000000740b0000 - 0x0000000074245000 	C:\Program Files\Java\jdk1.7.0_80\jre\bin\awt.dll
0x00007ffe5eaf0000 - 0x00007ffe5ebb5000 	C:\WINDOWS\System32\OLEAUT32.dll
0x00007ffe5ae70000 - 0x00007ffe5aef8000 	C:\WINDOWS\SYSTEM32\apphelp.dll
0x00007ffe5b170000 - 0x00007ffe5b19a000 	C:\WINDOWS\system32\DWMAPI.DLL
0x00007ffe5af20000 - 0x00007ffe5afb5000 	C:\WINDOWS\system32\uxtheme.dll
0x00007ffe5e520000 - 0x00007ffe5e687000 	C:\WINDOWS\System32\MSCTF.dll
0x00007ffe5e9a0000 - 0x00007ffe5eae9000 	C:\WINDOWS\System32\ole32.dll
0x00007ffe5c700000 - 0x00007ffe5c711000 	C:\WINDOWS\System32\kernel.appcore.dll
0x00007ffe5ebc0000 - 0x00007ffe5fff6000 	C:\WINDOWS\System32\SHELL32.dll
0x00007ffe5e410000 - 0x00007ffe5e4b6000 	C:\WINDOWS\System32\shcore.dll
0x00007ffe5cc40000 - 0x00007ffe5d387000 	C:\WINDOWS\System32\windows.storage.dll
0x00007ffe5e790000 - 0x00007ffe5e7e1000 	C:\WINDOWS\System32\shlwapi.dll
0x00007ffe5c740000 - 0x00007ffe5c78c000 	C:\WINDOWS\System32\powrprof.dll
0x00007ffe5c790000 - 0x00007ffe5c7ab000 	C:\WINDOWS\System32\profapi.dll
0x0000000076e90000 - 0x0000000076ed7000 	C:\Program Files\Java\jdk1.7.0_80\jre\bin\fontmanager.dll
0x00000000770e0000 - 0x00000000770fa000 	C:\Program Files\Java\jdk1.7.0_80\jre\bin\net.dll
0x00000000770c0000 - 0x00000000770d1000 	C:\Program Files\Java\jdk1.7.0_80\jre\bin\nio.dll
0x0000000076d70000 - 0x0000000076db1000 	C:\Program Files\Java\jdk1.7.0_80\jre\bin\t2k.dll
0x0000000180000000 - 0x000000018000b000 	C:\Windows\System32\jnisgfplib.dll
0x0000000077010000 - 0x00000000770b3000 	C:\WINDOWS\WinSxS\amd64_microsoft.vc90.crt_1fc8b3b9a1e18e3b_9.0.30729.9317_none_08e0939fa840d57b\MSVCR90.dll
0x000000000f560000 - 0x000000000f58e000 	C:\WINDOWS\SYSTEM32\sgfplib.dll
0x00007ffe4cc30000 - 0x00007ffe4cc3a000 	C:\WINDOWS\SYSTEM32\VERSION.dll
0x00007ffe597c0000 - 0x00007ffe597ea000 	C:\WINDOWS\SYSTEM32\winbio.dll
0x00007ffe59700000 - 0x00007ffe5970f000 	C:\WINDOWS\SYSTEM32\winbioext.dll
0x0000000010ee0000 - 0x0000000010f13000 	C:\WINDOWS\SYSTEM32\sgfpaMX.dll
0x00007ffe592c0000 - 0x00007ffe59358000 	C:\WINDOWS\System32\TextInputFramework.dll
0x00007ffe58fd0000 - 0x00007ffe592be000 	C:\WINDOWS\System32\CoreUIComponents.dll
0x00007ffe5a860000 - 0x00007ffe5a93d000 	C:\WINDOWS\System32\CoreMessaging.dll
0x00007ffe5b840000 - 0x00007ffe5b871000 	C:\WINDOWS\SYSTEM32\ntmarta.dll
0x00007ffe58e90000 - 0x00007ffe58fc6000 	C:\WINDOWS\SYSTEM32\wintypes.dll
0x00007ffe2d8a0000 - 0x00007ffe2d904000 	C:\WINDOWS\SYSTEM32\sgfdu05x64.dll
0x00007ffe46e00000 - 0x00007ffe46e86000 	C:\WINDOWS\SYSTEM32\WINSPOOL.DRV
0x00007ffe4ef10000 - 0x00007ffe4f0d8000 	C:\WINDOWS\SYSTEM32\dbghelp.dll

VM Arguments:
jvm_args: -agentlib:jdwp=transport=dt_socket,suspend=y,address=localhost:56991 -Dfile.encoding=UTF-8 
java_command: com.securemetric.FingerPrinterApp 1 thanhnd
Launcher Type: SUN_STANDARD

Environment Variables:
JAVA_HOME=C:\Program Files\Java\jdk1.8.0_131
PATH=C:\Program Files\Java\jdk1.7.0_80\jre\bin;C:\Program Files (x86)\Common Files\Intel\Shared Files\cpp\bin\Intel64;C:\ProgramData\Oracle\Java\javapath;C:\WINDOWS\system32;C:\WINDOWS;C:\WINDOWS\System32\Wbem;C:\WINDOWS\System32\WindowsPowerShell\v1.0\;C:\Program Files\TortoiseSVN\bin;C:\Program Files\PuTTY\;C:\Program Files (x86)\Skype\Phone\;C:\Program Files\Java\jdk1.8.0_131\bin;C:\Program Files (x86)\Java\jre1.8.0_111\bin\javaw.exe;E:\Setup\apache-maven-3.5.0-bin\apache-maven-3.5.0\bin;C:\Program Files\Git\cmd;C:\Program Files\nodejs\;C:\Utimaco\CryptoServer\Administration;C:\Utimaco\CryptoServer\Lib;C:\Utimaco\CryptoServer\SDK\bin;C:\Utimaco\CryptoServer\SDK\cygwin\bin;C:\Utimaco\CryptoServer\SDK\cs2\tms\bin_6.0.8;C:\Utimaco\CryptoServer\SDK\lib\Windows-x86-64;E:\ProgramFiles\CryptoServer-SDK-V4.00.0\CryptoServer\Administration;E:\ProgramFiles\CryptoServer-SDK-V4.00.0\CryptoServer\Lib;E:\ProgramFiles\CryptoServer-SDK-V4.00.0\CryptoServer\SDK\bin;E:\ProgramFiles\CryptoServer-SDK-V4.00.0\CryptoServer\SDK\cygwin\bin;E:\ProgramFiles\CryptoServer-SDK-V4.00.0\CryptoServer\SDK\cs2\tms\bin_6.0.8;E:\ProgramFiles\CryptoServer-SDK-V4.00.0\CryptoServer\SDK\lib\Windows-x86-64;C:\Program Files\SafeNet\Authentication\SAC\x64;C:\Program Files\SafeNet\Authentication\SAC\x32;E:\ProgramFiles\apache-ant-1.10.1\bin;E:\Setup\gradle-4.2.1-bin\gradle-4.2.1\bin;C:\Program Files (x86)\Windows Live\Shared;C:\Program Files\MySQL\MySQL Utilities 1.6\;E:\ProgramFiles\bin;C:\Users\MyPC\AppData\Local\Microsoft\WindowsApps;C:\Program Files\Heroku\bin;C:\Users\MyPC\AppData\Roaming\npm;C:\Users\MyPC\AppData\Local\Yarn\bin;
USERNAME=MyPC
OS=Windows_NT
PROCESSOR_IDENTIFIER=Intel64 Family 6 Model 78 Stepping 3, GenuineIntel



---------------  S Y S T E M  ---------------

OS: Windows 8.1 , 64 bit Build 9600 

CPU:total 4 (2 cores per cpu, 2 threads per core) family 6 model 78 stepping 3, cmov, cx8, fxsr, mmx, sse, sse2, sse3, ssse3, sse4.1, sse4.2, popcnt, avx, avx2, aes, erms, ht, tsc, tscinvbit

Memory: 4k page, physical 8245160k(1183224k free), swap 16633768k(5946732k free)

vm_info: Java HotSpot(TM) 64-Bit Server VM (24.80-b11) for windows-amd64 JRE (1.7.0_80-b15), built on Apr 10 2015 11:26:34 by "java_re" with unknown MS VC++:1600

time: Wed Jan 17 11:39:11 2018
elapsed time: 18 seconds

