#
# A fatal error has been detected by the Java Runtime Environment:
#
#  EXCEPTION_ACCESS_VIOLATION (0xc0000005) at pc=0x00007ff898ac8212, pid=6060, tid=8580
#
# JRE version: Java(TM) SE Runtime Environment (7.0_80-b15) (build 1.7.0_80-b15)
# Java VM: Java HotSpot(TM) 64-Bit Server VM (24.80-b11 mixed mode windows-amd64 compressed oops)
# Problematic frame:
# C  [sgfdu05x64.dll+0x28212]
#
# Failed to write core dump. Minidumps are not enabled by default on client versions of Windows
#
# If you would like to submit a bug report, please visit:
#   http://bugreport.java.com/bugreport/crash.jsp
# The crash happened outside the Java Virtual Machine in native code.
# See problematic frame for where to report the bug.
#

---------------  T H R E A D  ---------------

Current thread (0x000000000ec75000):  JavaThread "AWT-EventQueue-0" [_thread_in_native, id=8580, stack(0x000000000ff30000,0x0000000010030000)]

siginfo: ExceptionCode=0xc0000005, writing address 0x0000000011706000

Registers:
RAX=0xedf4eff2f1f2f5ef, RBX=0x0000000000000003, RCX=0x0000000011706010, RDX=0x0000000000078ee0
RSP=0x000000001002cb58, RBP=0x0000000000000000, RSI=0x0000000011704680, RDI=0x00000000000000ac
R8 =0x000000000001d4c0, R9 =0x0000000000000dd9, R10=0xfcf8fcf7fbf0f1f2, R11=0x0000000011704670
R12=0x000000000345b0da, R13=0x0000000000000001, R14=0x000000001177d550, R15=0x0000000000000001
RIP=0x00007ff898ac8212, EFLAGS=0x0000000000010202

Top of Stack: (sp=0x000000001002cb58)
0x000000001002cb58:   00007ff898aadf7c 000000000000000d
0x000000001002cb68:   000000000345b0da 0000000000000001
0x000000001002cb78:   000000001177d550 000000001002cba8
0x000000001002cb88:   000000001002cba4 000000001002cbf8
0x000000001002cb98:   00007ff898ab0090 0000019000000000
0x000000001002cba8:   000000000000012c 0000000000002710
0x000000001002cbb8:   00000000115583a8 0000000000000050
0x000000001002cbc8:   0000000000000100 0000000011704680
0x000000001002cbd8:   0000000000000001 000000001177d550
0x000000001002cbe8:   00007ff898aae152 0000000000000001
0x000000001002cbf8:   00007ff898ab1201 0000000000000032
0x000000001002cc08:   0000000700000001 00000000ffffffff
0x000000001002cc18:   000000001002cc01 000000001002cc38
0x000000001002cc28:   0000000000000001 ffffffff1002cc00
0x000000001002cc38:   0000000000000000 0000000000000000
0x000000001002cc48:   00007ff898aad282 00000000115580c0 

Instructions: (pc=0x00007ff898ac8212)
0x00007ff898ac81f2:   04 0a 4c 8b 54 0a 08 48 83 c1 20 48 89 41 e0 4c
0x00007ff898ac8202:   89 51 e8 48 8b 44 0a f0 4c 8b 54 0a f8 49 ff c9
0x00007ff898ac8212:   48 89 41 f0 4c 89 51 f8 75 d4 49 83 e0 1f e9 71
0x00007ff898ac8222:   ff ff ff 66 66 66 0f 1f 84 00 00 00 00 00 66 90 


Register to memory mapping:

RAX=0xedf4eff2f1f2f5ef is an unknown value
RBX=0x0000000000000003 is an unknown value
RCX=0x0000000011706010 is an unknown value
RDX=0x0000000000078ee0 is an unknown value
RSP=0x000000001002cb58 is pointing into the stack for thread: 0x000000000ec75000
RBP=0x0000000000000000 is an unknown value
RSI=0x0000000011704680 is an unknown value
RDI=0x00000000000000ac is an unknown value
R8 =0x000000000001d4c0 is an unknown value
R9 =0x0000000000000dd9 is an unknown value
R10=0xfcf8fcf7fbf0f1f2 is an unknown value
R11=0x0000000011704670 is an unknown value
R12=0x000000000345b0da is an unknown value
R13=0x0000000000000001 is an unknown value
R14=0x000000001177d550 is an unknown value
R15=0x0000000000000001 is an unknown value


Stack: [0x000000000ff30000,0x0000000010030000],  sp=0x000000001002cb58,  free space=1010k
Native frames: (J=compiled Java code, j=interpreted, Vv=VM code, C=native code)
C  [sgfdu05x64.dll+0x28212]

[error occurred during error reporting (printing native stack), id 0xc0000005]

Java frames: (J=compiled Java code, j=interpreted, Vv=VM code)
j  SecuGen.FDxSDKPro.jni.JSGFPLib.GetImageEx([BJJJ)J+0
j  com.securemetric.HU20IntegrationManagement.init()V+64
j  com.securemetric.FingerPrinterApp$1.actionPerformed(Ljava/awt/event/ActionEvent;)V+7
j  javax.swing.AbstractButton.fireActionPerformed(Ljava/awt/event/ActionEvent;)V+84
j  javax.swing.AbstractButton$Handler.actionPerformed(Ljava/awt/event/ActionEvent;)V+5
j  javax.swing.DefaultButtonModel.fireActionPerformed(Ljava/awt/event/ActionEvent;)V+35
j  javax.swing.DefaultButtonModel.setPressed(Z)V+117
j  javax.swing.plaf.basic.BasicButtonListener.mouseReleased(Ljava/awt/event/MouseEvent;)V+35
j  java.awt.Component.processMouseEvent(Ljava/awt/event/MouseEvent;)V+64
j  javax.swing.JComponent.processMouseEvent(Ljava/awt/event/MouseEvent;)V+23
j  java.awt.Component.processEvent(Ljava/awt/AWTEvent;)V+81
j  java.awt.Container.processEvent(Ljava/awt/AWTEvent;)V+18
j  java.awt.Component.dispatchEventImpl(Ljava/awt/AWTEvent;)V+581
j  java.awt.Container.dispatchEventImpl(Ljava/awt/AWTEvent;)V+42
j  java.awt.Component.dispatchEvent(Ljava/awt/AWTEvent;)V+2
j  java.awt.LightweightDispatcher.retargetMouseEvent(Ljava/awt/Component;ILjava/awt/event/MouseEvent;)V+327
j  java.awt.LightweightDispatcher.processMouseEvent(Ljava/awt/event/MouseEvent;)Z+139
j  java.awt.LightweightDispatcher.dispatchEvent(Ljava/awt/AWTEvent;)Z+50
j  java.awt.Container.dispatchEventImpl(Ljava/awt/AWTEvent;)V+12
j  java.awt.Window.dispatchEventImpl(Ljava/awt/AWTEvent;)V+19
j  java.awt.Component.dispatchEvent(Ljava/awt/AWTEvent;)V+2
j  java.awt.EventQueue.dispatchEventImpl(Ljava/awt/AWTEvent;Ljava/lang/Object;)V+41
j  java.awt.EventQueue.access$300(Ljava/awt/EventQueue;Ljava/awt/AWTEvent;Ljava/lang/Object;)V+3
j  java.awt.EventQueue$3.run()Ljava/lang/Void;+12
j  java.awt.EventQueue$3.run()Ljava/lang/Object;+1
v  ~StubRoutines::call_stub
j  java.security.AccessController.doPrivileged(Ljava/security/PrivilegedAction;Ljava/security/AccessControlContext;)Ljava/lang/Object;+0
j  java.security.ProtectionDomain$1.doIntersectionPrivilege(Ljava/security/PrivilegedAction;Ljava/security/AccessControlContext;Ljava/security/AccessControlContext;)Ljava/lang/Object;+28
j  java.security.ProtectionDomain$1.doIntersectionPrivilege(Ljava/security/PrivilegedAction;Ljava/security/AccessControlContext;)Ljava/lang/Object;+6
j  java.awt.EventQueue$4.run()Ljava/lang/Void;+11
j  java.awt.EventQueue$4.run()Ljava/lang/Object;+1
v  ~StubRoutines::call_stub
j  java.security.AccessController.doPrivileged(Ljava/security/PrivilegedAction;Ljava/security/AccessControlContext;)Ljava/lang/Object;+0
j  java.security.ProtectionDomain$1.doIntersectionPrivilege(Ljava/security/PrivilegedAction;Ljava/security/AccessControlContext;Ljava/security/AccessControlContext;)Ljava/lang/Object;+28
j  java.awt.EventQueue.dispatchEvent(Ljava/awt/AWTEvent;)V+73
j  java.awt.EventDispatchThread.pumpOneEventForFilters(I)V+245
j  java.awt.EventDispatchThread.pumpEventsForFilter(ILjava/awt/Conditional;Ljava/awt/EventFilter;)V+35
j  java.awt.EventDispatchThread.pumpEventsForHierarchy(ILjava/awt/Conditional;Ljava/awt/Component;)V+11
j  java.awt.EventDispatchThread.pumpEvents(ILjava/awt/Conditional;)V+4
j  java.awt.EventDispatchThread.pumpEvents(Ljava/awt/Conditional;)V+3
j  java.awt.EventDispatchThread.run()V+9
v  ~StubRoutines::call_stub

---------------  P R O C E S S  ---------------

Java Threads: ( => current thread )
=>0x000000000ec75000 JavaThread "AWT-EventQueue-0" [_thread_in_native, id=8580, stack(0x000000000ff30000,0x0000000010030000)]
  0x000000000eaa7800 JavaThread "AWT-Windows" daemon [_thread_in_native, id=8824, stack(0x000000000f140000,0x000000000f240000)]
  0x000000000eaa5000 JavaThread "AWT-Shutdown" [_thread_blocked, id=9424, stack(0x000000000f040000,0x000000000f140000)]
  0x000000000eaa4000 JavaThread "Java2D Disposer" daemon [_thread_blocked, id=6176, stack(0x000000000ef00000,0x000000000f000000)]
  0x000000000ca47000 JavaThread "Service Thread" daemon [_thread_blocked, id=2008, stack(0x000000000e7c0000,0x000000000e8c0000)]
  0x000000000ca3e800 JavaThread "C2 CompilerThread1" daemon [_thread_blocked, id=15964, stack(0x000000000e6c0000,0x000000000e7c0000)]
  0x000000000ca3b000 JavaThread "C2 CompilerThread0" daemon [_thread_blocked, id=10020, stack(0x000000000e5c0000,0x000000000e6c0000)]
  0x000000000ca29000 JavaThread "JDWP Command Reader" daemon [_thread_in_native, id=9780, stack(0x000000000e4c0000,0x000000000e5c0000)]
  0x000000000ca26000 JavaThread "JDWP Event Helper Thread" daemon [_thread_blocked, id=10040, stack(0x000000000e3c0000,0x000000000e4c0000)]
  0x000000000ca23000 JavaThread "JDWP Transport Listener: dt_socket" daemon [_thread_blocked, id=11172, stack(0x000000000e2c0000,0x000000000e3c0000)]
  0x000000000ca0d800 JavaThread "Attach Listener" daemon [_thread_blocked, id=3272, stack(0x000000000de80000,0x000000000df80000)]
  0x000000000ca0a000 JavaThread "Signal Dispatcher" daemon [_thread_blocked, id=15700, stack(0x000000000dd80000,0x000000000de80000)]
  0x000000000c9cf800 JavaThread "Finalizer" daemon [_thread_blocked, id=6772, stack(0x000000000dc80000,0x000000000dd80000)]
  0x000000000c9c6800 JavaThread "Reference Handler" daemon [_thread_blocked, id=8540, stack(0x000000000db80000,0x000000000dc80000)]
  0x0000000004722800 JavaThread "main" [_thread_in_native, id=8880, stack(0x0000000004520000,0x0000000004620000)]

Other Threads:
  0x000000000c9c2800 VMThread [stack: 0x000000000da80000,0x000000000db80000] [id=5368]
  0x000000000ca51000 WatcherThread [stack: 0x000000000e8c0000,0x000000000e9c0000] [id=15164]

VM state:not at safepoint (normal execution)

VM Mutex/Monitor currently owned by a thread: None

Heap
 PSYoungGen      total 37888K, used 6523K [0x00000007d6080000, 0x00000007d8a80000, 0x0000000800000000)
  eden space 32768K, 19% used [0x00000007d6080000,0x00000007d66decf8,0x00000007d8080000)
  from space 5120K, 0% used [0x00000007d8580000,0x00000007d8580000,0x00000007d8a80000)
  to   space 5120K, 0% used [0x00000007d8080000,0x00000007d8080000,0x00000007d8580000)
 ParOldGen       total 85504K, used 0K [0x0000000782200000, 0x0000000787580000, 0x00000007d6080000)
  object space 85504K, 0% used [0x0000000782200000,0x0000000782200000,0x0000000787580000)
 PSPermGen       total 21504K, used 8661K [0x000000077d000000, 0x000000077e500000, 0x0000000782200000)
  object space 21504K, 40% used [0x000000077d000000,0x000000077d875600,0x000000077e500000)

Card table byte_map: [0x0000000007820000,0x0000000007c40000] byte_map_base: 0x0000000003c38000

Polling page: 0x00000000027d0000

Code Cache  [0x0000000004820000, 0x0000000004a90000, 0x0000000007820000)
 total_blobs=398 nmethods=12 adapters=347 free_code_cache=48609Kb largest_free_block=49756608

Compilation events (10 events):
Event: 0.288 Thread 0x000000000ca3b000    7             java.util.TreeMap::parentOf (13 bytes)
Event: 0.288 Thread 0x000000000ca3b000 nmethod 7 0x0000000004895850 code [0x0000000004895980, 0x00000000048959d8]
Event: 0.354 Thread 0x000000000ca3e800    8             java.util.Arrays::binarySearch0 (95 bytes)
Event: 0.357 Thread 0x000000000ca3b000    9             sun.java2d.loops.GraphicsPrimitiveMgr$2::compare (39 bytes)
Event: 0.359 Thread 0x000000000ca3b000 nmethod 9 0x0000000004899c50 code [0x0000000004899da0, 0x0000000004899ed8]
Event: 0.361 Thread 0x000000000ca3e800 nmethod 8 0x000000000489a910 code [0x000000000489aa60, 0x000000000489ae98]
Event: 2.219 Thread 0x000000000ca3b000   10             java.util.ArrayList::size (5 bytes)
Event: 2.219 Thread 0x000000000ca3b000 nmethod 10 0x000000000489b410 code [0x000000000489b540, 0x000000000489b598]
Event: 3.550 Thread 0x000000000ca3e800   12             java.lang.String::equals (81 bytes)
Event: 3.554 Thread 0x000000000ca3e800 nmethod 12 0x000000000489c750 code [0x000000000489c8a0, 0x000000000489cbb8]

GC Heap History (0 events):
No events

Deoptimization events (0 events):
No events

Internal exceptions (10 events):
Event: 0.150 Thread 0x0000000004722800 Threw 0x00000007d60f9028 at C:\re\jdk7u80\2329\hotspot\src\share\vm\prims\jni.cpp:717
Event: 0.180 Thread 0x0000000004722800 Threw 0x00000007d6115b70 at C:\re\jdk7u80\2329\hotspot\src\share\vm\prims\jni.cpp:717
Event: 0.250 Thread 0x0000000004722800 Threw 0x00000007d6389c10 at C:\re\jdk7u80\2329\hotspot\src\share\vm\prims\jvm.cpp:1319
Event: 0.293 Thread 0x0000000004722800 Threw 0x00000007d651d320 at C:\re\jdk7u80\2329\hotspot\src\share\vm\prims\jvm.cpp:1319
Event: 0.293 Thread 0x0000000004722800 Threw 0x00000007d651d448 at C:\re\jdk7u80\2329\hotspot\src\share\vm\prims\jvm.cpp:1319
Event: 0.294 Thread 0x0000000004722800 Threw 0x00000007d65211c0 at C:\re\jdk7u80\2329\hotspot\src\share\vm\prims\jvm.cpp:1319
Event: 0.294 Thread 0x0000000004722800 Threw 0x00000007d65212e8 at C:\re\jdk7u80\2329\hotspot\src\share\vm\prims\jvm.cpp:1319
Event: 0.334 Thread 0x0000000004722800 Threw 0x00000007d6538be8 at C:\re\jdk7u80\2329\hotspot\src\share\vm\prims\jvm.cpp:1319
Event: 0.335 Thread 0x0000000004722800 Threw 0x00000007d653ab88 at C:\re\jdk7u80\2329\hotspot\src\share\vm\prims\jvm.cpp:1319
Event: 0.345 Thread 0x0000000004722800 Threw 0x00000007d65459e8 at C:\re\jdk7u80\2329\hotspot\src\share\vm\prims\jvm.cpp:1319

Events (10 events):
Event: 3.411 loading class 0x000000000ea49ba0 done
Event: 3.547 loading class 0x000000000ca4efa0
Event: 3.547 loading class 0x000000000ca4efa0 done
Event: 3.548 loading class 0x000000000eda4150
Event: 3.548 loading class 0x000000000ca69ae0
Event: 3.548 loading class 0x000000000ca69ae0 done
Event: 3.548 loading class 0x000000000eda4150 done
Event: 4.145 Executing VM operation: EnableBiasedLocking
Event: 4.146 Executing VM operation: EnableBiasedLocking done
Event: 5.240 Thread 0x000000000eb05800 Thread exited: 0x000000000eb05800


Dynamic libraries:
0x00007ff645410000 - 0x00007ff645443000 	C:\Program Files\Java\jdk1.7.0_80\bin\javaw.exe
0x00007ff8a8490000 - 0x00007ff8a8670000 	C:\WINDOWS\SYSTEM32\ntdll.dll
0x00007ff8a65a0000 - 0x00007ff8a664e000 	C:\WINDOWS\System32\KERNEL32.DLL
0x00007ff8a4e50000 - 0x00007ff8a50b6000 	C:\WINDOWS\System32\KERNELBASE.dll
0x00007ff8a6310000 - 0x00007ff8a63b1000 	C:\WINDOWS\System32\ADVAPI32.dll
0x00007ff8a82b0000 - 0x00007ff8a834d000 	C:\WINDOWS\System32\msvcrt.dll
0x00007ff8a6540000 - 0x00007ff8a659b000 	C:\WINDOWS\System32\sechost.dll
0x00007ff8a5fc0000 - 0x00007ff8a60df000 	C:\WINDOWS\System32\RPCRT4.dll
0x00007ff8a8060000 - 0x00007ff8a81ee000 	C:\WINDOWS\System32\USER32.dll
0x00007ff8a4890000 - 0x00007ff8a48b0000 	C:\WINDOWS\System32\win32u.dll
0x00007ff8a5c10000 - 0x00007ff8a5c38000 	C:\WINDOWS\System32\GDI32.dll
0x00007ff8a4cb0000 - 0x00007ff8a4e41000 	C:\WINDOWS\System32\gdi32full.dll
0x00007ff8a50c0000 - 0x00007ff8a515b000 	C:\WINDOWS\System32\msvcp_win.dll
0x00007ff8a4b30000 - 0x00007ff8a4c26000 	C:\WINDOWS\System32\ucrtbase.dll
0x00007ff8a1580000 - 0x00007ff8a17e9000 	C:\WINDOWS\WinSxS\amd64_microsoft.windows.common-controls_6595b64144ccf1df_6.0.16299.15_none_cc92fb402215d91d\COMCTL32.dll
0x00007ff8a5cb0000 - 0x00007ff8a5fb8000 	C:\WINDOWS\System32\combase.dll
0x00007ff8a4c30000 - 0x00007ff8a4ca2000 	C:\WINDOWS\System32\bcryptPrimitives.dll
0x00007ff8a8030000 - 0x00007ff8a805d000 	C:\WINDOWS\System32\IMM32.DLL
0x000000006d4e0000 - 0x000000006d5b2000 	C:\Program Files\Java\jdk1.7.0_80\jre\bin\msvcr100.dll
0x000000006c210000 - 0x000000006c9e9000 	C:\Program Files\Java\jdk1.7.0_80\jre\bin\server\jvm.dll
0x00007ff8a82a0000 - 0x00007ff8a82a8000 	C:\WINDOWS\System32\PSAPI.DLL
0x00007ff8948a0000 - 0x00007ff8948c3000 	C:\WINDOWS\SYSTEM32\WINMM.dll
0x00007ff893a50000 - 0x00007ff893a59000 	C:\WINDOWS\SYSTEM32\WSOCK32.dll
0x00007ff8a5c40000 - 0x00007ff8a5cac000 	C:\WINDOWS\System32\WS2_32.dll
0x00007ff894870000 - 0x00007ff89489a000 	C:\WINDOWS\SYSTEM32\WINMMBASE.dll
0x00007ff8a5910000 - 0x00007ff8a595a000 	C:\WINDOWS\System32\cfgmgr32.dll
0x000000006e610000 - 0x000000006e61f000 	C:\Program Files\Java\jdk1.7.0_80\jre\bin\verify.dll
0x000000006e5e0000 - 0x000000006e608000 	C:\Program Files\Java\jdk1.7.0_80\jre\bin\java.dll
0x000000006e510000 - 0x000000006e545000 	C:\Program Files\Java\jdk1.7.0_80\jre\bin\jdwp.dll
0x000000006e5d0000 - 0x000000006e5d8000 	C:\Program Files\Java\jdk1.7.0_80\jre\bin\npt.dll
0x000000006e140000 - 0x000000006e156000 	C:\Program Files\Java\jdk1.7.0_80\jre\bin\zip.dll
0x000000006e5c0000 - 0x000000006e5c9000 	C:\Program Files\Java\jdk1.7.0_80\jre\bin\dt_socket.dll
0x00007ff89b0a0000 - 0x00007ff89b0b6000 	C:\WINDOWS\system32\napinsp.dll
0x00007ff89b040000 - 0x00007ff89b05a000 	C:\WINDOWS\system32\pnrpnsp.dll
0x00007ff899210000 - 0x00007ff899228000 	C:\WINDOWS\system32\NLAapi.dll
0x00007ff8a4010000 - 0x00007ff8a4076000 	C:\WINDOWS\System32\mswsock.dll
0x00007ff8a3de0000 - 0x00007ff8a3e96000 	C:\WINDOWS\SYSTEM32\DNSAPI.dll
0x00007ff8a63c0000 - 0x00007ff8a63c8000 	C:\WINDOWS\System32\NSI.dll
0x00007ff8a3da0000 - 0x00007ff8a3dd9000 	C:\WINDOWS\SYSTEM32\IPHLPAPI.DLL
0x00007ff89bd80000 - 0x00007ff89bd8e000 	C:\WINDOWS\System32\winrnr.dll
0x00007ff89b020000 - 0x00007ff89b035000 	C:\WINDOWS\System32\wshbth.dll
0x00007ff89b9f0000 - 0x00007ff89ba60000 	C:\WINDOWS\System32\fwpuclnt.dll
0x00007ff8a42e0000 - 0x00007ff8a4305000 	C:\WINDOWS\SYSTEM32\bcrypt.dll
0x00007ff89a8f0000 - 0x00007ff89a8fa000 	C:\Windows\System32\rasadhlp.dll
0x000000006c070000 - 0x000000006c205000 	C:\Program Files\Java\jdk1.7.0_80\jre\bin\awt.dll
0x00007ff8a6140000 - 0x00007ff8a6205000 	C:\WINDOWS\System32\OLEAUT32.dll
0x00007ff8a2f70000 - 0x00007ff8a2ff7000 	C:\WINDOWS\SYSTEM32\apphelp.dll
0x00007ff8a3370000 - 0x00007ff8a339a000 	C:\WINDOWS\system32\DWMAPI.DLL
0x00007ff8a32a0000 - 0x00007ff8a3335000 	C:\WINDOWS\system32\uxtheme.dll
0x00007ff8a63d0000 - 0x00007ff8a6537000 	C:\WINDOWS\System32\MSCTF.dll
0x00007ff8a7ee0000 - 0x00007ff8a8029000 	C:\WINDOWS\System32\ole32.dll
0x00007ff8a4820000 - 0x00007ff8a4831000 	C:\WINDOWS\System32\kernel.appcore.dll
0x00007ff8a6aa0000 - 0x00007ff8a7ed7000 	C:\WINDOWS\System32\SHELL32.dll
0x00007ff8a81f0000 - 0x00007ff8a8296000 	C:\WINDOWS\System32\shcore.dll
0x00007ff8a51c0000 - 0x00007ff8a5907000 	C:\WINDOWS\System32\windows.storage.dll
0x00007ff8a5bb0000 - 0x00007ff8a5c01000 	C:\WINDOWS\System32\shlwapi.dll
0x00007ff8a4840000 - 0x00007ff8a488c000 	C:\WINDOWS\System32\powrprof.dll
0x00007ff8a4800000 - 0x00007ff8a481b000 	C:\WINDOWS\System32\profapi.dll
0x000000006d380000 - 0x000000006d3c7000 	C:\Program Files\Java\jdk1.7.0_80\jre\bin\fontmanager.dll
0x000000006e120000 - 0x000000006e13a000 	C:\Program Files\Java\jdk1.7.0_80\jre\bin\net.dll
0x000000006e100000 - 0x000000006e111000 	C:\Program Files\Java\jdk1.7.0_80\jre\bin\nio.dll
0x000000006d330000 - 0x000000006d371000 	C:\Program Files\Java\jdk1.7.0_80\jre\bin\t2k.dll
0x00007ff89d0d0000 - 0x00007ff89d168000 	C:\WINDOWS\System32\TextInputFramework.dll
0x00007ff8a2960000 - 0x00007ff8a2a3d000 	C:\WINDOWS\System32\CoreMessaging.dll
0x00007ff8a10e0000 - 0x00007ff8a13ce000 	C:\WINDOWS\System32\CoreUIComponents.dll
0x00007ff8a0fa0000 - 0x00007ff8a10d6000 	C:\WINDOWS\SYSTEM32\wintypes.dll
0x00007ff8a39d0000 - 0x00007ff8a3a01000 	C:\WINDOWS\SYSTEM32\ntmarta.dll
0x0000000180000000 - 0x000000018000b000 	C:\Windows\System32\jnisgfplib.dll
0x000000006e300000 - 0x000000006e3a3000 	C:\WINDOWS\WinSxS\amd64_microsoft.vc90.crt_1fc8b3b9a1e18e3b_9.0.30729.9317_none_08e0939fa840d57b\MSVCR90.dll
0x0000000011230000 - 0x000000001125e000 	C:\WINDOWS\SYSTEM32\sgfplib.dll
0x00007ff89c6a0000 - 0x00007ff89c6aa000 	C:\WINDOWS\SYSTEM32\VERSION.dll
0x00007ff89bc30000 - 0x00007ff89bc5a000 	C:\WINDOWS\SYSTEM32\winbio.dll
0x00007ff8a3020000 - 0x00007ff8a302f000 	C:\WINDOWS\SYSTEM32\winbioext.dll
0x00007ff898aa0000 - 0x00007ff898b04000 	C:\WINDOWS\SYSTEM32\sgfdu05x64.dll
0x00007ff891170000 - 0x00007ff8911f6000 	C:\WINDOWS\SYSTEM32\WINSPOOL.DRV
0x00000000112f0000 - 0x0000000011323000 	C:\WINDOWS\SYSTEM32\sgfpaMX.dll
0x00007ff89dbc0000 - 0x00007ff89dd88000 	C:\WINDOWS\SYSTEM32\dbghelp.dll

VM Arguments:
jvm_args: -agentlib:jdwp=transport=dt_socket,suspend=y,address=localhost:56903 -Dfile.encoding=UTF-8 
java_command: com.securemetric.FingerPrinterApp 2 anhviet01
Launcher Type: SUN_STANDARD

Environment Variables:
JAVA_HOME=C:\Program Files\Java\jdk1.8.0_131
PATH=C:\Program Files\Java\jdk1.7.0_80\jre\bin;C:\Program Files (x86)\Common Files\Intel\Shared Files\cpp\bin\Intel64;C:\ProgramData\Oracle\Java\javapath;C:\WINDOWS\system32;C:\WINDOWS;C:\WINDOWS\System32\Wbem;C:\WINDOWS\System32\WindowsPowerShell\v1.0\;C:\Program Files\TortoiseSVN\bin;C:\Program Files\PuTTY\;C:\Program Files (x86)\Skype\Phone\;C:\Program Files\Java\jdk1.8.0_131\bin;C:\Program Files (x86)\Java\jre1.8.0_111\bin\javaw.exe;E:\Setup\apache-maven-3.5.0-bin\apache-maven-3.5.0\bin;C:\Program Files\Git\cmd;C:\Program Files\nodejs\;C:\Utimaco\CryptoServer\Administration;C:\Utimaco\CryptoServer\Lib;C:\Utimaco\CryptoServer\SDK\bin;C:\Utimaco\CryptoServer\SDK\cygwin\bin;C:\Utimaco\CryptoServer\SDK\cs2\tms\bin_6.0.8;C:\Utimaco\CryptoServer\SDK\lib\Windows-x86-64;E:\ProgramFiles\CryptoServer-SDK-V4.00.0\CryptoServer\Administration;E:\ProgramFiles\CryptoServer-SDK-V4.00.0\CryptoServer\Lib;E:\ProgramFiles\CryptoServer-SDK-V4.00.0\CryptoServer\SDK\bin;E:\ProgramFiles\CryptoServer-SDK-V4.00.0\CryptoServer\SDK\cygwin\bin;E:\ProgramFiles\CryptoServer-SDK-V4.00.0\CryptoServer\SDK\cs2\tms\bin_6.0.8;E:\ProgramFiles\CryptoServer-SDK-V4.00.0\CryptoServer\SDK\lib\Windows-x86-64;C:\Program Files\SafeNet\Authentication\SAC\x64;C:\Program Files\SafeNet\Authentication\SAC\x32;E:\ProgramFiles\apache-ant-1.10.1\bin;E:\Setup\gradle-4.2.1-bin\gradle-4.2.1\bin;C:\Program Files (x86)\Windows Live\Shared;C:\Program Files\MySQL\MySQL Utilities 1.6\;E:\ProgramFiles\bin;C:\Users\MyPC\AppData\Local\Microsoft\WindowsApps;C:\Program Files\Heroku\bin;C:\Users\MyPC\AppData\Roaming\npm;C:\Users\MyPC\AppData\Local\Yarn\bin;
USERNAME=MyPC
OS=Windows_NT
PROCESSOR_IDENTIFIER=Intel64 Family 6 Model 78 Stepping 3, GenuineIntel



---------------  S Y S T E M  ---------------

OS: Windows 8.1 , 64 bit Build 9600 

CPU:total 4 (2 cores per cpu, 2 threads per core) family 6 model 78 stepping 3, cmov, cx8, fxsr, mmx, sse, sse2, sse3, ssse3, sse4.1, sse4.2, popcnt, avx, avx2, aes, erms, ht, tsc, tscinvbit

Memory: 4k page, physical 8245160k(1436568k free), swap 14376388k(2163744k free)

vm_info: Java HotSpot(TM) 64-Bit Server VM (24.80-b11) for windows-amd64 JRE (1.7.0_80-b15), built on Apr 10 2015 11:26:34 by "java_re" with unknown MS VC++:1600

time: Thu Jan 04 11:23:41 2018
elapsed time: 7 seconds

